\BOOKMARK [0][-]{chapter.1}{Introducci\363n}{}% 1
\BOOKMARK [1][-]{section.1.1}{Introducci\363n}{chapter.1}% 2
\BOOKMARK [1][-]{section.1.2}{Justificaci\363n}{chapter.1}% 3
\BOOKMARK [1][-]{section.1.3}{Problem\341tica}{chapter.1}% 4
\BOOKMARK [1][-]{section.1.4}{Objetivos}{chapter.1}% 5
\BOOKMARK [2][-]{subsection.1.4.1}{Objetivo General}{section.1.4}% 6
\BOOKMARK [2][-]{subsection.1.4.2}{Objetivos Especificos}{section.1.4}% 7
\BOOKMARK [0][-]{chapter.2}{Estado del arte}{}% 8
\BOOKMARK [1][-]{section.2.1}{Aplicaciones}{chapter.2}% 9
\BOOKMARK [2][-]{subsection.2.1.1}{Aplicaciones Tournament Software}{section.2.1}% 10
\BOOKMARK [2][-]{subsection.2.1.2}{Aplicaciones Active Network}{section.2.1}% 11
\BOOKMARK [2][-]{subsection.2.1.3}{Aplicaciones TeamSnap Tournament}{section.2.1}% 12
\BOOKMARK [2][-]{subsection.2.1.4}{Aplicaciones TorneoPal}{section.2.1}% 13
\BOOKMARK [2][-]{subsection.2.1.5}{Aplicaciones Instituto Nacional del deporte CHILE}{section.2.1}% 14
\BOOKMARK [2][-]{subsection.2.1.6}{Prototipo para el registro a interpolit\351cnicos RIDESCOM}{section.2.1}% 15
\BOOKMARK [0][-]{chapter.3}{Marco te\363rico}{}% 16
\BOOKMARK [1][-]{section.3.1}{An\341lisis de factibilidad t\351cnica}{chapter.3}% 17
\BOOKMARK [2][-]{subsection.3.1.1}{IDE}{section.3.1}% 18
\BOOKMARK [2][-]{subsection.3.1.2}{Framework}{section.3.1}% 19
\BOOKMARK [2][-]{subsection.3.1.3}{Rastreo Web y API's}{section.3.1}% 20
\BOOKMARK [1][-]{section.3.2}{Sistema Gestor de Base de Datos del lado del servidor}{chapter.3}% 21
\BOOKMARK [1][-]{section.3.3}{Servidor}{chapter.3}% 22
\BOOKMARK [0][-]{chapter.4}{Trabajo realizado}{}% 23
\BOOKMARK [1][-]{section.4.1}{Prototipo para el Registro a Interpolit\351cnicos Deportivos \(RIDESCOM\)}{chapter.4}% 24
\BOOKMARK [1][-]{section.4.2}{Reglas de Negocio}{chapter.4}% 25
\BOOKMARK [2][-]{subsection.4.2.1}{Reglas de Negocio Jefe de Fomento Deportivo}{section.4.2}% 26
\BOOKMARK [2][-]{subsection.4.2.2}{Reglas de Negocio Coordinador de Unidad Acad\351mica}{section.4.2}% 27
\BOOKMARK [2][-]{subsection.4.2.3}{Reglas de Negocio Alumno}{section.4.2}% 28
\BOOKMARK [1][-]{section.4.3}{Reglas del Sistema}{chapter.4}% 29
\BOOKMARK [1][-]{section.4.4}{Casos de Uso}{chapter.4}% 30
\BOOKMARK [2][-]{subsection.4.4.1}{CU1 Iniciar Sesi\363n}{section.4.4}% 31
\BOOKMARK [2][-]{subsection.4.4.2}{CU2 Inscribir a un evento interpolit\351cnico deportivo}{section.4.4}% 32
\BOOKMARK [2][-]{subsection.4.4.3}{CU 2.1 Validaci\363n estatus acad\351mico}{section.4.4}% 33
\BOOKMARK [2][-]{subsection.4.4.4}{Registro}{section.4.4}% 34
\BOOKMARK [2][-]{subsection.4.4.5}{Validaci\363n de perfil}{section.4.4}% 35
\BOOKMARK [1][-]{section.4.5}{Requisitos del usuario}{chapter.4}% 36
\BOOKMARK [1][-]{section.4.6}{Requisitos funcionales de la aplicaci\363n web}{chapter.4}% 37
\BOOKMARK [1][-]{section.4.7}{Requisitos no funcionales de la aplicaci\363n web}{chapter.4}% 38
\BOOKMARK [1][-]{section.4.8}{Iteraciones}{chapter.4}% 39
\BOOKMARK [2][-]{subsection.4.8.1}{Sprint 0}{section.4.8}% 40
\BOOKMARK [2][-]{subsection.4.8.2}{Sprint 1}{section.4.8}% 41
\BOOKMARK [2][-]{subsection.4.8.3}{Sprint 2}{section.4.8}% 42
\BOOKMARK [0][-]{chapter.5}{Trabajo a futuro}{}% 43
\BOOKMARK [1][-]{section.5.1}{Mecanismo de Validaci\363n de estatus acad\351mico}{chapter.5}% 44
\BOOKMARK [1][-]{section.5.2}{Interfaces}{chapter.5}% 45
\BOOKMARK [1][-]{section.5.3}{M\363dulo de formulario}{chapter.5}% 46
\BOOKMARK [1][-]{section.5.4}{M\363dulo de difusi\363n de eventos}{chapter.5}% 47
\BOOKMARK [1][-]{section.5.5}{M\363dulo de comunicaci\363n con redes sociales}{chapter.5}% 48
\BOOKMARK [1][-]{section.5.6}{M\363dulo de creaci\363n de c\351dula de inscripci\363n a un evento interpolit\351cnico deportivo}{chapter.5}% 49
\BOOKMARK [1][-]{section.5.7}{M\363dulo de consulta de resultados}{chapter.5}% 50
\BOOKMARK [0][-]{chapter.6}{Anexos}{}% 51
\BOOKMARK [1][-]{section.6.1}{Apartado A: Dise\361os de Pantallas}{chapter.6}% 52
\BOOKMARK [1][-]{section.6.2}{Apartado B: Diagrama de Procesos}{chapter.6}% 53
\BOOKMARK [1][-]{section.6.3}{Apartado C: Diagramas de Casos de Uso}{chapter.6}% 54
\BOOKMARK [1][-]{section.6.4}{Apartado D: Casos de Uso}{chapter.6}% 55
\BOOKMARK [1][-]{section.6.5}{CU1 Iniciar Sesi\363n Jefe de Fomento Deportivo}{chapter.6}% 56
\BOOKMARK [2][-]{subsection.6.5.1}{Descripci\363n completa}{section.6.5}% 57
\BOOKMARK [2][-]{subsection.6.5.2}{Atributos importantes}{section.6.5}% 58
\BOOKMARK [2][-]{subsection.6.5.3}{Trayectorias del Caso de Uso}{section.6.5}% 59
\BOOKMARK [1][-]{section.6.6}{CU2 Iniciar Sesi\363n Coordinador de Unidad Acad\351mica}{chapter.6}% 60
\BOOKMARK [2][-]{subsection.6.6.1}{Descripci\363n completa}{section.6.6}% 61
\BOOKMARK [2][-]{subsection.6.6.2}{Atributos importantes}{section.6.6}% 62
\BOOKMARK [2][-]{subsection.6.6.3}{Trayectorias del Caso de Uso}{section.6.6}% 63
\BOOKMARK [1][-]{section.6.7}{CU3 Iniciar Sesi\363n Alumno}{chapter.6}% 64
\BOOKMARK [2][-]{subsection.6.7.1}{Descripci\363n completa}{section.6.7}% 65
\BOOKMARK [2][-]{subsection.6.7.2}{Atributos importantes}{section.6.7}% 66
\BOOKMARK [2][-]{subsection.6.7.3}{Trayectorias del Caso de Uso}{section.6.7}% 67
\BOOKMARK [1][-]{section.6.8}{CU3 Iniciar Sesi\363n Alumno}{chapter.6}% 68
\BOOKMARK [2][-]{subsection.6.8.1}{Descripci\363n completa}{section.6.8}% 69
\BOOKMARK [2][-]{subsection.6.8.2}{Atributos importantes}{section.6.8}% 70
\BOOKMARK [2][-]{subsection.6.8.3}{Trayectorias del Caso de Uso}{section.6.8}% 71
\BOOKMARK [1][-]{section.6.9}{CU4 Recupera contrase\361a para el alumno}{chapter.6}% 72
\BOOKMARK [2][-]{subsection.6.9.1}{Descripci\363n completa}{section.6.9}% 73
\BOOKMARK [2][-]{subsection.6.9.2}{Atributos importantes}{section.6.9}% 74
\BOOKMARK [2][-]{subsection.6.9.3}{Trayectorias del Caso de Uso}{section.6.9}% 75
\BOOKMARK [1][-]{section.6.10}{CU5 Recupera contrase\361a para el Coordinador}{chapter.6}% 76
\BOOKMARK [2][-]{subsection.6.10.1}{Descripci\363n completa}{section.6.10}% 77
\BOOKMARK [2][-]{subsection.6.10.2}{Atributos importantes}{section.6.10}% 78
\BOOKMARK [2][-]{subsection.6.10.3}{Trayectorias del Caso de Uso}{section.6.10}% 79
\BOOKMARK [1][-]{section.6.11}{CU6 Consulta Calendario de Eventos}{chapter.6}% 80
\BOOKMARK [2][-]{subsection.6.11.1}{Descripci\363n completa}{section.6.11}% 81
\BOOKMARK [2][-]{subsection.6.11.2}{Atributos importantes}{section.6.11}% 82
\BOOKMARK [2][-]{subsection.6.11.3}{Trayectorias del Caso de Uso}{section.6.11}% 83
\BOOKMARK [1][-]{section.6.12}{CU7 Alta de Eventos Deportivos}{chapter.6}% 84
\BOOKMARK [2][-]{subsection.6.12.1}{Descripci\363n completa}{section.6.12}% 85
\BOOKMARK [2][-]{subsection.6.12.2}{Atributos importantes}{section.6.12}% 86
\BOOKMARK [2][-]{subsection.6.12.3}{Trayectorias del Caso de Uso}{section.6.12}% 87
\BOOKMARK [1][-]{section.6.13}{CU8 Editar datos del Eventos Deportivos}{chapter.6}% 88
\BOOKMARK [2][-]{subsection.6.13.1}{Descripci\363n completa}{section.6.13}% 89
\BOOKMARK [2][-]{subsection.6.13.2}{Atributos importantes}{section.6.13}% 90
\BOOKMARK [2][-]{subsection.6.13.3}{Trayectorias del Caso de Uso}{section.6.13}% 91
\BOOKMARK [1][-]{section.6.14}{CU9 Eliminar datos del Eventos Deportivos}{chapter.6}% 92
\BOOKMARK [2][-]{subsection.6.14.1}{Descripci\363n completa}{section.6.14}% 93
\BOOKMARK [2][-]{subsection.6.14.2}{Atributos importantes}{section.6.14}% 94
\BOOKMARK [2][-]{subsection.6.14.3}{Trayectorias del Caso de Uso}{section.6.14}% 95
\BOOKMARK [1][-]{section.6.15}{CU10 Consulta Coordinadores Registrados}{chapter.6}% 96
\BOOKMARK [2][-]{subsection.6.15.1}{Descripci\363n completa}{section.6.15}% 97
\BOOKMARK [2][-]{subsection.6.15.2}{Atributos importantes}{section.6.15}% 98
\BOOKMARK [2][-]{subsection.6.15.3}{Trayectorias del Caso de Uso}{section.6.15}% 99
\BOOKMARK [1][-]{section.6.16}{Apartado E: Base de Datos}{chapter.6}% 100
\BOOKMARK [1][-]{section.6.17}{Apartado F: Entrevista}{chapter.6}% 101
\BOOKMARK [1][-]{section.6.18}{Mensajes de RIDESCOM}{chapter.6}% 102
\BOOKMARK [0][-]{chapter.7}{Glosario}{}% 103
