This is pdfTeX, Version 3.14159265-2.6-1.40.19 (MiKTeX 2.9.6930 64-bit) (preloaded format=pdflatex 2019.4.3)  9 APR 2019 22:00
entering extended mode
**./main.tex
(main.tex
LaTeX2e <2018-12-01>

("C:\Users\Carlos A. Rosales\AppData\Local\Programs\MiKTeX 2.9\tex/latex/base\b
ook.cls"
Document Class: book 2018/09/03 v1.4i Standard LaTeX document class

("C:\Users\Carlos A. Rosales\AppData\Local\Programs\MiKTeX 2.9\tex/latex/base\b
k10.clo"
File: bk10.clo 2018/09/03 v1.4i Standard LaTeX file (size option)
)
\c@part=\count80
\c@chapter=\count81
\c@section=\count82
\c@subsection=\count83
\c@subsubsection=\count84
\c@paragraph=\count85
\c@subparagraph=\count86
\c@figure=\count87
\c@table=\count88
\abovecaptionskip=\skip41
\belowcaptionskip=\skip42
\bibindent=\dimen102
)
("C:\Users\Carlos A. Rosales\AppData\Local\Programs\MiKTeX 2.9\tex/latex/base\i
nputenc.sty"
Package: inputenc 2018/08/11 v1.3c Input encoding file
\inpenc@prehook=\toks14
\inpenc@posthook=\toks15
)
("C:\Users\Carlos A. Rosales\AppData\Local\Programs\MiKTeX 2.9\tex/latex/base\f
ontenc.sty"
Package: fontenc 2018/08/11 v2.0j Standard LaTeX package

("C:\Users\Carlos A. Rosales\AppData\Local\Programs\MiKTeX 2.9\tex/latex/base\t
1enc.def"
File: t1enc.def 2018/08/11 v2.0j Standard LaTeX file
LaTeX Font Info:    Redeclaring font encoding T1 on input line 48.
))
("C:\Users\Carlos A. Rosales\AppData\Local\Programs\MiKTeX 2.9\tex/generic/babe
l\babel.sty"
Package: babel 2018/11/13 3.27 The Babel package

("C:\Users\Carlos A. Rosales\AppData\Local\Programs\MiKTeX 2.9\tex/generic/babe
l\switch.def"
File: switch.def 2018/11/13 3.27 Babel switching mechanism
)
*************************************
* Local config file bblopts.cfg used
*

("C:\Users\Carlos A. Rosales\AppData\Local\Programs\MiKTeX 2.9\tex/latex/arabi\
bblopts.cfg"
File: bblopts.cfg 2005/09/08 v0.1 add Arabic and Farsi to "declared" options of
 babel
)
("C:\Users\Carlos A. Rosales\AppData\Local\Programs\MiKTeX 2.9\tex/latex/babel-
spanish\spanish.ldf"
Language: spanish.ldf 2016/03/03 v5.0p Spanish support from the babel system

("C:\Users\Carlos A. Rosales\AppData\Local\Programs\MiKTeX 2.9\tex/generic/babe
l\babel.def"
File: babel.def 2018/11/13 3.27 Babel common definitions
\babel@savecnt=\count89
\U@D=\dimen103

("C:\Users\Carlos A. Rosales\AppData\Local\Programs\MiKTeX 2.9\tex/generic/babe
l\txtbabel.def")
\bbl@dirlevel=\count90
)
\es@quottoks=\toks16
\es@quotdepth=\count91
Package babel Info: Making " an active character on input line 561.
Package babel Info: Making . an active character on input line 662.
Package babel Info: Making < an active character on input line 707.
Package babel Info: Making > an active character on input line 707.
))
("C:\Users\Carlos A. Rosales\AppData\Local\Programs\MiKTeX 2.9\tex/latex/geomet
ry\geometry.sty"
Package: geometry 2018/04/16 v5.8 Page Geometry

("C:\Users\Carlos A. Rosales\AppData\Local\Programs\MiKTeX 2.9\tex/latex/graphi
cs\keyval.sty"
Package: keyval 2014/10/28 v1.15 key=value parser (DPC)
\KV@toks@=\toks17
)
("C:\Users\Carlos A. Rosales\AppData\Local\Programs\MiKTeX 2.9\tex/generic/ober
diek\ifpdf.sty"
Package: ifpdf 2018/09/07 v3.3 Provides the ifpdf switch
)
("C:\Users\Carlos A. Rosales\AppData\Local\Programs\MiKTeX 2.9\tex/generic/ober
diek\ifvtex.sty"
Package: ifvtex 2016/05/16 v1.6 Detect VTeX and its facilities (HO)
Package ifvtex Info: VTeX not detected.
)
("C:\Users\Carlos A. Rosales\AppData\Local\Programs\MiKTeX 2.9\tex/generic/ifxe
tex\ifxetex.sty"
Package: ifxetex 2010/09/12 v0.6 Provides ifxetex conditional
)
\Gm@cnth=\count92
\Gm@cntv=\count93
\c@Gm@tempcnt=\count94
\Gm@bindingoffset=\dimen104
\Gm@wd@mp=\dimen105
\Gm@odd@mp=\dimen106
\Gm@even@mp=\dimen107
\Gm@layoutwidth=\dimen108
\Gm@layoutheight=\dimen109
\Gm@layouthoffset=\dimen110
\Gm@layoutvoffset=\dimen111
\Gm@dimlist=\toks18

("C:\Users\Carlos A. Rosales\AppData\Local\Programs\MiKTeX 2.9\tex/latex/geomet
ry\geometry.cfg"))
("C:\Users\Carlos A. Rosales\AppData\Local\Programs\MiKTeX 2.9\tex/latex/graphi
cs\graphicx.sty"
Package: graphicx 2017/06/01 v1.1a Enhanced LaTeX Graphics (DPC,SPQR)

("C:\Users\Carlos A. Rosales\AppData\Local\Programs\MiKTeX 2.9\tex/latex/graphi
cs\graphics.sty"
Package: graphics 2017/06/25 v1.2c Standard LaTeX Graphics (DPC,SPQR)

("C:\Users\Carlos A. Rosales\AppData\Local\Programs\MiKTeX 2.9\tex/latex/graphi
cs\trig.sty"
Package: trig 2016/01/03 v1.10 sin cos tan (DPC)
)
("C:\Users\Carlos A. Rosales\AppData\Local\Programs\MiKTeX 2.9\tex/latex/graphi
cs-cfg\graphics.cfg"
File: graphics.cfg 2016/06/04 v1.11 sample graphics configuration
)
Package graphics Info: Driver file: pdftex.def on input line 99.

("C:\Users\Carlos A. Rosales\AppData\Local\Programs\MiKTeX 2.9\tex/latex/graphi
cs-def\pdftex.def"
File: pdftex.def 2018/01/08 v1.0l Graphics/color driver for pdftex
))
\Gin@req@height=\dimen112
\Gin@req@width=\dimen113
)
("C:\Users\Carlos A. Rosales\AppData\Local\Programs\MiKTeX 2.9\tex/latex/imakei
dx\imakeidx.sty"
Package: imakeidx 2016/10/15 v1.3e Package for typesetting indices in a synchro
nous mode

("C:\Users\Carlos A. Rosales\AppData\Local\Programs\MiKTeX 2.9\tex/latex/xkeyva
l\xkeyval.sty"
Package: xkeyval 2014/12/03 v2.7a package option processing (HA)

("C:\Users\Carlos A. Rosales\AppData\Local\Programs\MiKTeX 2.9\tex/generic/xkey
val\xkeyval.tex"
("C:\Users\Carlos A. Rosales\AppData\Local\Programs\MiKTeX 2.9\tex/generic/xkey
val\xkvutils.tex"
\XKV@toks=\toks19
\XKV@tempa@toks=\toks20
)
\XKV@depth=\count95
File: xkeyval.tex 2014/12/03 v2.7a key=value parser (HA)
))
("C:\Users\Carlos A. Rosales\AppData\Local\Programs\MiKTeX 2.9\tex/generic/ober
diek\ifluatex.sty"
Package: ifluatex 2016/05/16 v1.4 Provides the ifluatex switch (HO)
Package ifluatex Info: LuaTeX not detected.
)
("C:\Users\Carlos A. Rosales\AppData\Local\Programs\MiKTeX 2.9\tex/latex/tools\
multicol.sty"
Package: multicol 2018/11/09 v1.8u multicolumn formatting (FMi)
\c@tracingmulticols=\count96
\mult@box=\box27
\multicol@leftmargin=\dimen114
\c@unbalance=\count97
\c@collectmore=\count98
\doublecol@number=\count99
\multicoltolerance=\count100
\multicolpretolerance=\count101
\full@width=\dimen115
\page@free=\dimen116
\premulticols=\dimen117
\postmulticols=\dimen118
\multicolsep=\skip43
\multicolbaselineskip=\skip44
\partial@page=\box28
\last@line=\box29
\maxbalancingoverflow=\dimen119
\mult@rightbox=\box30
\mult@grightbox=\box31
\mult@gfirstbox=\box32
\mult@firstbox=\box33
\@tempa=\box34
\@tempa=\box35
\@tempa=\box36
\@tempa=\box37
\@tempa=\box38
\@tempa=\box39
\@tempa=\box40
\@tempa=\box41
\@tempa=\box42
\@tempa=\box43
\@tempa=\box44
\@tempa=\box45
\@tempa=\box46
\@tempa=\box47
\@tempa=\box48
\@tempa=\box49
\@tempa=\box50
\c@columnbadness=\count102
\c@finalcolumnbadness=\count103
\last@try=\dimen120
\multicolovershoot=\dimen121
\multicolundershoot=\dimen122
\mult@nat@firstbox=\box51
\colbreak@box=\box52
\mc@col@check@num=\count104
)) (usecases.sty (requerimientos.sty
("C:\Users\Carlos A. Rosales\AppData\Local\Programs\MiKTeX 2.9\tex/latex/tools\
longtable.sty"
Package: longtable 2014/10/28 v4.11 Multi-page Table package (DPC)
\LTleft=\skip45
\LTright=\skip46
\LTpre=\skip47
\LTpost=\skip48
\LTchunksize=\count105
\LTcapwidth=\dimen123
\LT@head=\box53
\LT@firsthead=\box54
\LT@foot=\box55
\LT@lastfoot=\box56
\LT@cols=\count106
\LT@rows=\count107
\c@LT@tables=\count108
\c@LT@chunks=\count109
\LT@p@ftn=\toks21
)
("C:\Users\Carlos A. Rosales\AppData\Local\Programs\MiKTeX 2.9\tex/latex/hyperr
ef\hyperref.sty"
Package: hyperref 2018/11/30 v6.88e Hypertext links for LaTeX

("C:\Users\Carlos A. Rosales\AppData\Local\Programs\MiKTeX 2.9\tex/generic/ober
diek\hobsub-hyperref.sty"
Package: hobsub-hyperref 2016/05/16 v1.14 Bundle oberdiek, subset hyperref (HO)


("C:\Users\Carlos A. Rosales\AppData\Local\Programs\MiKTeX 2.9\tex/generic/ober
diek\hobsub-generic.sty"
Package: hobsub-generic 2016/05/16 v1.14 Bundle oberdiek, subset generic (HO)
Package: hobsub 2016/05/16 v1.14 Construct package bundles (HO)
Package: infwarerr 2016/05/16 v1.4 Providing info/warning/error messages (HO)
Package: ltxcmds 2016/05/16 v1.23 LaTeX kernel commands for general use (HO)
Package hobsub Info: Skipping package `ifluatex' (already loaded).
Package hobsub Info: Skipping package `ifvtex' (already loaded).
Package: intcalc 2016/05/16 v1.2 Expandable calculations with integers (HO)
Package hobsub Info: Skipping package `ifpdf' (already loaded).
Package: etexcmds 2016/05/16 v1.6 Avoid name clashes with e-TeX commands (HO)
Package: kvsetkeys 2016/05/16 v1.17 Key value parser (HO)
Package: kvdefinekeys 2016/05/16 v1.4 Define keys (HO)
Package: pdftexcmds 2018/09/10 v0.29 Utility functions of pdfTeX for LuaTeX (HO
)
Package pdftexcmds Info: LuaTeX not detected.
Package pdftexcmds Info: \pdf@primitive is available.
Package pdftexcmds Info: \pdf@ifprimitive is available.
Package pdftexcmds Info: \pdfdraftmode found.
Package: pdfescape 2016/05/16 v1.14 Implements pdfTeX's escape features (HO)
Package: bigintcalc 2016/05/16 v1.4 Expandable calculations on big integers (HO
)
Package: bitset 2016/05/16 v1.2 Handle bit-vector datatype (HO)
Package: uniquecounter 2016/05/16 v1.3 Provide unlimited unique counter (HO)
)
Package hobsub Info: Skipping package `hobsub' (already loaded).
Package: letltxmacro 2016/05/16 v1.5 Let assignment for LaTeX macros (HO)
Package: hopatch 2016/05/16 v1.3 Wrapper for package hooks (HO)
Package: xcolor-patch 2016/05/16 xcolor patch
Package: atveryend 2016/05/16 v1.9 Hooks at the very end of document (HO)
Package atveryend Info: \enddocument detected (standard20110627).
Package: atbegshi 2016/06/09 v1.18 At begin shipout hook (HO)
Package: refcount 2016/05/16 v3.5 Data extraction from label references (HO)
Package: hycolor 2016/05/16 v1.8 Color options for hyperref/bookmark (HO)
)
("C:\Users\Carlos A. Rosales\AppData\Local\Programs\MiKTeX 2.9\tex/latex/oberdi
ek\auxhook.sty"
Package: auxhook 2016/05/16 v1.4 Hooks for auxiliary files (HO)
)
("C:\Users\Carlos A. Rosales\AppData\Local\Programs\MiKTeX 2.9\tex/latex/oberdi
ek\kvoptions.sty"
Package: kvoptions 2016/05/16 v3.12 Key value format for package options (HO)
)
\@linkdim=\dimen124
\Hy@linkcounter=\count110
\Hy@pagecounter=\count111

("C:\Users\Carlos A. Rosales\AppData\Local\Programs\MiKTeX 2.9\tex/latex/hyperr
ef\pd1enc.def"
File: pd1enc.def 2018/11/30 v6.88e Hyperref: PDFDocEncoding definition (HO)
Now handling font encoding PD1 ...
... no UTF-8 mapping file for font encoding PD1
)
\Hy@SavedSpaceFactor=\count112

("C:\Users\Carlos A. Rosales\AppData\Local\Programs\MiKTeX 2.9\tex/latex/00mikt
ex\hyperref.cfg"
File: hyperref.cfg 2002/06/06 v1.2 hyperref configuration of TeXLive
)
Package hyperref Info: Option `bookmarks' set `true' on input line 4393.
Package hyperref Info: Option `colorlinks' set `true' on input line 4393.
Package hyperref Info: Hyper figures OFF on input line 4519.
Package hyperref Info: Link nesting OFF on input line 4524.
Package hyperref Info: Hyper index ON on input line 4527.
Package hyperref Info: Plain pages OFF on input line 4534.
Package hyperref Info: Backreferencing OFF on input line 4539.
Package hyperref Info: Implicit mode ON; LaTeX internals redefined.
Package hyperref Info: Bookmarks ON on input line 4772.
\c@Hy@tempcnt=\count113

("C:\Users\Carlos A. Rosales\AppData\Local\Programs\MiKTeX 2.9\tex/latex/url\ur
l.sty"
\Urlmuskip=\muskip10
Package: url 2013/09/16  ver 3.4  Verb mode for urls, etc.
)
LaTeX Info: Redefining \url on input line 5125.
\XeTeXLinkMargin=\dimen125
\Fld@menulength=\count114
\Field@Width=\dimen126
\Fld@charsize=\dimen127
Package hyperref Info: Hyper figures OFF on input line 6380.
Package hyperref Info: Link nesting OFF on input line 6385.
Package hyperref Info: Hyper index ON on input line 6388.
Package hyperref Info: backreferencing OFF on input line 6395.
Package hyperref Info: Link coloring ON on input line 6398.
Package hyperref Info: Link coloring with OCG OFF on input line 6405.
Package hyperref Info: PDF/A mode OFF on input line 6410.
LaTeX Info: Redefining \ref on input line 6450.
LaTeX Info: Redefining \pageref on input line 6454.
\Hy@abspage=\count115
\c@Item=\count116
\c@Hfootnote=\count117
)
Package hyperref Info: Driver: hpdftex.

("C:\Users\Carlos A. Rosales\AppData\Local\Programs\MiKTeX 2.9\tex/latex/hyperr
ef\hpdftex.def"
File: hpdftex.def 2018/11/30 v6.88e Hyperref driver for pdfTeX
\Fld@listcount=\count118
\c@bookmark@seq@number=\count119

("C:\Users\Carlos A. Rosales\AppData\Local\Programs\MiKTeX 2.9\tex/latex/oberdi
ek\rerunfilecheck.sty"
Package: rerunfilecheck 2016/05/16 v1.8 Rerun checks for auxiliary files (HO)
Package uniquecounter Info: New unique counter `rerunfilecheck' on input line 2
82.
)
\Hy@SectionHShift=\skip49
)
("C:\Users\Carlos A. Rosales\AppData\Local\Programs\MiKTeX 2.9\tex/latex/amsfon
ts\amssymb.sty"
Package: amssymb 2013/01/14 v3.01 AMS font symbols

("C:\Users\Carlos A. Rosales\AppData\Local\Programs\MiKTeX 2.9\tex/latex/amsfon
ts\amsfonts.sty"
Package: amsfonts 2013/01/14 v3.01 Basic AMSFonts support
\@emptytoks=\toks22
\symAMSa=\mathgroup4
\symAMSb=\mathgroup5
LaTeX Font Info:    Overwriting math alphabet `\mathfrak' in version `bold'
(Font)                  U/euf/m/n --> U/euf/b/n on input line 106.
))
("C:\Users\Carlos A. Rosales\AppData\Local\Programs\MiKTeX 2.9\tex/latex/colort
bl\colortbl.sty"
Package: colortbl 2018/12/12 v1.0d Color table columns (DPC)

("C:\Users\Carlos A. Rosales\AppData\Local\Programs\MiKTeX 2.9\tex/latex/tools\
array.sty"
Package: array 2018/11/13 v2.4j Tabular extension package (FMi)
\col@sep=\dimen128
\ar@mcellbox=\box57
\extrarowheight=\dimen129
\NC@list=\toks23
\extratabsurround=\skip50
\backup@length=\skip51
\ar@cellbox=\box58
)
("C:\Users\Carlos A. Rosales\AppData\Local\Programs\MiKTeX 2.9\tex/latex/graphi
cs\color.sty"
Package: color 2016/07/10 v1.1e Standard LaTeX Color (DPC)

("C:\Users\Carlos A. Rosales\AppData\Local\Programs\MiKTeX 2.9\tex/latex/graphi
cs-cfg\color.cfg"
File: color.cfg 2016/01/02 v1.6 sample color configuration
)
Package color Info: Driver file: pdftex.def on input line 147.
)
\everycr=\toks24
\minrowclearance=\skip52
)
("C:\Users\Carlos A. Rosales\AppData\Local\Programs\MiKTeX 2.9\tex/latex/multir
ow\multirow.sty"
Package: multirow 2019/01/01 v2.4 Span multiple rows of a table
\multirow@colwidth=\skip53
\multirow@cntb=\count120
\multirow@dima=\skip54
\bigstrutjot=\dimen130
))
("C:\Users\Carlos A. Rosales\AppData\Local\Programs\MiKTeX 2.9\tex/latex/chapte
rfolder\chapterfolder.sty"
Package: chapterfolder 2005/11/24 v2.0 Package for dealing with folder

("C:\Users\Carlos A. Rosales\AppData\Local\Programs\MiKTeX 2.9\tex/latex/base\i
fthen.sty"
Package: ifthen 2014/09/29 v1.1c Standard LaTeX ifthen package (DPC)
)
\c@@cf@currentpos=\count121
)

! LaTeX Error: Option clash for package color.

See the LaTeX manual or LaTeX Companion for explanation.
Type  H <return>  for immediate help.
 ...                                              
                                                  
l.5 \usepackage
               {listings}
The package color has already been loaded with options:
  [pdftex,]
There has now been an attempt to load it with options
  [usenames,dvipsnames]
Adding the global options:
  pdftex,,usenames,dvipsnames
to your \documentclass declaration may fix this.
Try typing  <return>  to proceed.


("C:\Users\Carlos A. Rosales\AppData\Local\Programs\MiKTeX 2.9\tex/latex/listin
gs\listings.sty"
\lst@mode=\count122
\lst@gtempboxa=\box59
\lst@token=\toks25
\lst@length=\count123
\lst@currlwidth=\dimen131
\lst@column=\count124
\lst@pos=\count125
\lst@lostspace=\dimen132
\lst@width=\dimen133
\lst@newlines=\count126
\lst@lineno=\count127
\lst@maxwidth=\dimen134

("C:\Users\Carlos A. Rosales\AppData\Local\Programs\MiKTeX 2.9\tex/latex/listin
gs\lstmisc.sty"
File: lstmisc.sty 2019/02/27 1.8b (Carsten Heinz)
\c@lstnumber=\count128
\lst@skipnumbers=\count129
\lst@framebox=\box60
)
("C:\Users\Carlos A. Rosales\AppData\Local\Programs\MiKTeX 2.9\tex/latex/listin
gs\listings.cfg"
File: listings.cfg 2019/02/27 1.8b listings configuration
))
Package: listings 2019/02/27 1.8b (Carsten Heinz)
) (cdtBook.sty
Package: cdtBook 2010/05/30, v1.0 CDT-ESCOM-IPN Plantilla para reportes de la C
oordinaciÛn

("C:\Users\Carlos A. Rosales\AppData\Local\Programs\MiKTeX 2.9\tex/latex/cmbrig
ht\cmbright.sty"
Package: cmbright 2005/04/13 v8.1 (WaS)
LaTeX Font Info:    Redeclaring symbol font `operators' on input line 29.
LaTeX Font Info:    Overwriting symbol font `operators' in version `normal'
(Font)                  OT1/cmr/m/n --> OT1/cmbr/m/n on input line 29.
LaTeX Font Info:    Overwriting symbol font `operators' in version `bold'
(Font)                  OT1/cmr/bx/n --> OT1/cmbr/m/n on input line 29.
LaTeX Font Info:    Redeclaring symbol font `letters' on input line 30.
LaTeX Font Info:    Overwriting symbol font `letters' in version `normal'
(Font)                  OML/cmm/m/it --> OML/cmbrm/m/it on input line 30.
LaTeX Font Info:    Overwriting symbol font `letters' in version `bold'
(Font)                  OML/cmm/b/it --> OML/cmbrm/m/it on input line 30.
LaTeX Font Info:    Overwriting symbol font `letters' in version `bold'
(Font)                  OML/cmbrm/m/it --> OML/cmbrm/b/it on input line 31.
LaTeX Font Info:    Redeclaring symbol font `symbols' on input line 32.
LaTeX Font Info:    Overwriting symbol font `symbols' in version `normal'
(Font)                  OMS/cmsy/m/n --> OMS/cmbrs/m/n on input line 32.
LaTeX Font Info:    Overwriting symbol font `symbols' in version `bold'
(Font)                  OMS/cmsy/b/n --> OMS/cmbrs/m/n on input line 32.
LaTeX Font Info:    Redeclaring math alphabet \mathit on input line 33.
LaTeX Font Info:    Overwriting math alphabet `\mathit' in version `normal'
(Font)                  OT1/cmr/m/it --> OT1/cmbr/m/sl on input line 33.
LaTeX Font Info:    Overwriting math alphabet `\mathit' in version `bold'
(Font)                  OT1/cmr/bx/it --> OT1/cmbr/m/sl on input line 33.
LaTeX Font Info:    Redeclaring math alphabet \mathbf on input line 34.
LaTeX Font Info:    Overwriting math alphabet `\mathbf' in version `normal'
(Font)                  OT1/cmr/bx/n --> OT1/cmbr/bx/n on input line 34.
LaTeX Font Info:    Overwriting math alphabet `\mathbf' in version `bold'
(Font)                  OT1/cmr/bx/n --> OT1/cmbr/bx/n on input line 34.
LaTeX Font Info:    Redeclaring math alphabet \mathtt on input line 35.
LaTeX Font Info:    Overwriting math alphabet `\mathtt' in version `normal'
(Font)                  OT1/cmtt/m/n --> OT1/cmtl/m/n on input line 35.
LaTeX Font Info:    Overwriting math alphabet `\mathtt' in version `bold'
(Font)                  OT1/cmtt/m/n --> OT1/cmtl/m/n on input line 35.
LaTeX Font Info:    Redeclaring math symbol \alpha on input line 37.
LaTeX Font Info:    Redeclaring math symbol \beta on input line 38.
LaTeX Font Info:    Redeclaring math symbol \gamma on input line 39.
LaTeX Font Info:    Redeclaring math symbol \delta on input line 40.
LaTeX Font Info:    Redeclaring math symbol \epsilon on input line 41.
LaTeX Font Info:    Redeclaring math symbol \zeta on input line 42.
LaTeX Font Info:    Redeclaring math symbol \eta on input line 43.
LaTeX Font Info:    Redeclaring math symbol \theta on input line 44.
LaTeX Font Info:    Redeclaring math symbol \iota on input line 45.
LaTeX Font Info:    Redeclaring math symbol \kappa on input line 46.
LaTeX Font Info:    Redeclaring math symbol \lambda on input line 47.
LaTeX Font Info:    Redeclaring math symbol \mu on input line 48.
LaTeX Font Info:    Redeclaring math symbol \nu on input line 49.
LaTeX Font Info:    Redeclaring math symbol \xi on input line 50.
LaTeX Font Info:    Redeclaring math symbol \pi on input line 51.
LaTeX Font Info:    Redeclaring math symbol \rho on input line 52.
LaTeX Font Info:    Redeclaring math symbol \sigma on input line 53.
LaTeX Font Info:    Redeclaring math symbol \tau on input line 54.
LaTeX Font Info:    Redeclaring math symbol \upsilon on input line 55.
LaTeX Font Info:    Redeclaring math symbol \phi on input line 56.
LaTeX Font Info:    Redeclaring math symbol \chi on input line 57.
LaTeX Font Info:    Redeclaring math symbol \psi on input line 58.
LaTeX Font Info:    Redeclaring math symbol \omega on input line 59.
LaTeX Font Info:    Redeclaring math symbol \varepsilon on input line 60.
LaTeX Font Info:    Redeclaring math symbol \vartheta on input line 61.
LaTeX Font Info:    Redeclaring math symbol \varpi on input line 62.
LaTeX Font Info:    Redeclaring math symbol \varrho on input line 63.
LaTeX Font Info:    Redeclaring math symbol \varsigma on input line 64.
LaTeX Font Info:    Redeclaring math symbol \varphi on input line 65.
LaTeX Info: Redefining \LaTeX on input line 129.
LaTeX Info: Redefining \LaTeXe on input line 139.
LaTeX Font Info:    Try loading font information for T1+cmbr on input line 144.


("C:\Users\Carlos A. Rosales\AppData\Local\Programs\MiKTeX 2.9\tex/latex/cmbrig
ht\t1cmbr.fd"
File: t1cmbr.fd 2005/04/13 v8.1 (WaS)
))

! LaTeX Error: Option clash for package color.

See the LaTeX manual or LaTeX Companion for explanation.
Type  H <return>  for immediate help.
 ...                                              
                                                  
l.14 \usepackage
                {wallpaper}                           % Colocar im√°genes en...

The package color has already been loaded with options:
  [pdftex,]
There has now been an attempt to load it with options
  [usenames,dvipsnames]
Adding the global options:
  pdftex,,usenames,dvipsnames
to your \documentclass declaration may fix this.
Try typing  <return>  to proceed.


("C:\Users\Carlos A. Rosales\AppData\Local\Programs\MiKTeX 2.9\tex/latex/wallpa
per\wallpaper.sty"
Package: wallpaper 2005/01/18, v1.01 easy wallpaper formatting (MHFW)

("C:\Users\Carlos A. Rosales\AppData\Local\Programs\MiKTeX 2.9\tex/latex/tools\
calc.sty"
Package: calc 2017/05/25 v4.3 Infix arithmetic (KKT,FJ)
\calc@Acount=\count130
\calc@Bcount=\count131
\calc@Adimen=\dimen135
\calc@Bdimen=\dimen136
\calc@Askip=\skip55
\calc@Bskip=\skip56
LaTeX Info: Redefining \setlength on input line 80.
LaTeX Info: Redefining \addtolength on input line 81.
\calc@Ccount=\count132
\calc@Cskip=\skip57
)
("C:\Users\Carlos A. Rosales\AppData\Local\Programs\MiKTeX 2.9\tex/latex/eso-pi
c\eso-pic.sty"
Package: eso-pic 2018/04/12 v2.0h eso-pic (RN)
)
\wpXoffset=\skip58
\wpYoffset=\skip59
\tileXoffset=\skip60
\tileYoffset=\skip61
\tilewidth=\skip62
\tileheight=\skip63
\tileX=\skip64
\tileY=\skip65
)
("C:\Users\Carlos A. Rosales\AppData\Local\Programs\MiKTeX 2.9\tex/latex/fancyh
dr\fancyhdr.sty"
Package: fancyhdr 2019/01/31 v3.10 Extensive control of page headers and footer
s
\f@nch@headwidth=\skip66
\f@nch@O@elh=\skip67
\f@nch@O@erh=\skip68
\f@nch@O@olh=\skip69
\f@nch@O@orh=\skip70
\f@nch@O@elf=\skip71
\f@nch@O@erf=\skip72
\f@nch@O@olf=\skip73
\f@nch@O@orf=\skip74
)

! LaTeX Error: Option clash for package geometry.

See the LaTeX manual or LaTeX Companion for explanation.
Type  H <return>  for immediate help.
 ...                                              
                                                  
l.17 \usepackage
                [Sonny]{fncychap}                     % Manejo de cap√≠tulos...

The package geometry has already been loaded with options:
  [left=3cm,top=2cm,right=2cm,bottom=2cm]
There has now been an attempt to load it with options
  [hmargin=2cm,vmargin=3.5cm, head=2cm]
Adding the global options:
  left=3cm,top=2cm,right=2cm,bottom=2cm,hmargin=2cm,vmargin=3.5cm, head=2cm
to your \documentclass declaration may fix this.
Try typing  <return>  to proceed.


("C:\Users\Carlos A. Rosales\AppData\Local\Programs\MiKTeX 2.9\tex/latex/fncych
ap\fncychap.sty"
Package: fncychap 2007/07/30 v1.34 LaTeX package (Revised chapters)
\RW=\skip75
\mylen=\skip76
\myhi=\skip77
\px=\skip78
\py=\skip79
\pyy=\skip80
\pxx=\skip81
)
("C:\Users\Carlos A. Rosales\AppData\Local\Programs\MiKTeX 2.9\tex/latex/marvos
ym\marvosym.sty"
Package: marvosym 2011/07/20 v2.2 Martin Vogel's Symbols font definitions
)

Package Fancyhdr Warning: \fancyhead's `E' option without twoside option is use
less on input line 37.


Package Fancyhdr Warning: \fancyfoot's `E' option without twoside option is use
less on input line 40.


Package Fancyhdr Warning: \fancyfoot's `E' option without twoside option is use
less on input line 41.

)
\main@idxfile=\write3
\openout3 = `main.idx'.


Writing index file main.idx
(main.aux
LaTeX Info: Redefining \. on input line 23.
LaTeX Info: Redefining \% on input line 23.
 (capitulo1.aux) (capitulo2.aux

LaTeX Warning: Label `tabla:sencilla' multiply defined.

) (capitulo3.aux) (capitulo4.aux

LaTeX Warning: Label `tabla:sencilla' multiply defined.


LaTeX Warning: Label `tabla:sencilla' multiply defined.


LaTeX Warning: Label `tabla:sencilla' multiply defined.

) (glosario.aux) (referencias.aux))
\openout1 = `main.aux'.

LaTeX Font Info:    Checking defaults for OML/cmm/m/it on input line 15.
LaTeX Font Info:    ... okay on input line 15.
LaTeX Font Info:    Checking defaults for T1/cmr/m/n on input line 15.
LaTeX Font Info:    ... okay on input line 15.
LaTeX Font Info:    Checking defaults for OT1/cmr/m/n on input line 15.
LaTeX Font Info:    ... okay on input line 15.
LaTeX Font Info:    Checking defaults for OMS/cmsy/m/n on input line 15.
LaTeX Font Info:    ... okay on input line 15.
LaTeX Font Info:    Checking defaults for OMX/cmex/m/n on input line 15.
LaTeX Font Info:    ... okay on input line 15.
LaTeX Font Info:    Checking defaults for U/cmr/m/n on input line 15.
LaTeX Font Info:    ... okay on input line 15.
LaTeX Font Info:    Checking defaults for PD1/pdf/m/n on input line 15.
LaTeX Font Info:    ... okay on input line 15.
LaTeX Info: Redefining \. on input line 15.
LaTeX Info: Redefining \% on input line 15.

*geometry* driver: auto-detecting
*geometry* detected driver: pdftex
*geometry* verbose mode - [ preamble ] result:
* driver: pdftex
* paper: <default>
* layout: <same size as paper>
* layoutoffset:(h,v)=(0.0pt,0.0pt)
* modes: 
* h-part:(L,W,R)=(85.35826pt, 472.03123pt, 56.9055pt)
* v-part:(T,H,B)=(56.9055pt, 681.15898pt, 56.9055pt)
* \paperwidth=614.295pt
* \paperheight=794.96999pt
* \textwidth=472.03123pt
* \textheight=681.15898pt
* \oddsidemargin=13.08827pt
* \evensidemargin=13.08827pt
* \topmargin=-45.43198pt
* \headheight=12.0pt
* \headsep=18.06749pt
* \topskip=10.0pt
* \footskip=25.29494pt
* \marginparwidth=69.0pt
* \marginparsep=7.0pt
* \columnsep=10.0pt
* \skip\footins=9.0pt plus 4.0pt minus 2.0pt
* \hoffset=0.0pt
* \voffset=0.0pt
* \mag=1000
* \@twocolumnfalse
* \@twosidefalse
* \@mparswitchfalse
* \@reversemarginfalse
* (1in=72.27pt=25.4mm, 1cm=28.453pt)


("C:\Users\Carlos A. Rosales\AppData\Local\Programs\MiKTeX 2.9\tex/context/base
/mkii\supp-pdf.mkii"
[Loading MPS to PDF converter (version 2006.09.02).]
\scratchcounter=\count133
\scratchdimen=\dimen137
\scratchbox=\box61
\nofMPsegments=\count134
\nofMParguments=\count135
\everyMPshowfont=\toks26
\MPscratchCnt=\count136
\MPscratchDim=\dimen138
\MPnumerator=\count137
\makeMPintoPDFobject=\count138
\everyMPtoPDFconversion=\toks27
)
("C:\Users\Carlos A. Rosales\AppData\Local\Programs\MiKTeX 2.9\tex/latex/oberdi
ek\epstopdf-base.sty"
Package: epstopdf-base 2016/05/15 v2.6 Base part for package epstopdf

("C:\Users\Carlos A. Rosales\AppData\Local\Programs\MiKTeX 2.9\tex/latex/oberdi
ek\grfext.sty"
Package: grfext 2016/05/16 v1.2 Manage graphics extensions (HO)
)
Package epstopdf-base Info: Redefining graphics rule for `.eps' on input line 4
38.
Package grfext Info: Graphics extension search list:
(grfext)             [.pdf,.png,.jpg,.mps,.jpeg,.jbig2,.jb2,.PDF,.PNG,.JPG,.JPE
G,.JBIG2,.JB2,.eps]
(grfext)             \AppendGraphicsExtensions on input line 456.
)
\AtBeginShipoutBox=\box62
Package hyperref Info: Link coloring ON on input line 15.

("C:\Users\Carlos A. Rosales\AppData\Local\Programs\MiKTeX 2.9\tex/latex/hyperr
ef\nameref.sty"
Package: nameref 2016/05/21 v2.44 Cross-referencing by name of section

("C:\Users\Carlos A. Rosales\AppData\Local\Programs\MiKTeX 2.9\tex/generic/ober
diek\gettitlestring.sty"
Package: gettitlestring 2016/05/16 v1.5 Cleanup title references (HO)
)
\c@section@level=\count139
)
LaTeX Info: Redefining \ref on input line 15.
LaTeX Info: Redefining \pageref on input line 15.
LaTeX Info: Redefining \nameref on input line 15.
 (main.out) (main.out)
\@outlinefile=\write4
\openout4 = `main.out'.

\c@lstlisting=\count140
 (main.toc
LaTeX Info: Redefining \. on input line 1.
LaTeX Info: Redefining \% on input line 1.
LaTeX Font Info:    Try loading font information for OT1+cmbr on input line 3.

("C:\Users\Carlos A. Rosales\AppData\Local\Programs\MiKTeX 2.9\tex/latex/cmbrig
ht\ot1cmbr.fd"
File: ot1cmbr.fd 2005/04/13 v8.1 (WaS)
)
LaTeX Font Info:    Try loading font information for OML+cmbrm on input line 3.


("C:\Users\Carlos A. Rosales\AppData\Local\Programs\MiKTeX 2.9\tex/latex/cmbrig
ht\omlcmbrm.fd"
File: omlcmbrm.fd 2005/04/13 v8.1 (WaS)
)
LaTeX Font Info:    Try loading font information for OMS+cmbrs on input line 3.


("C:\Users\Carlos A. Rosales\AppData\Local\Programs\MiKTeX 2.9\tex/latex/cmbrig
ht\omscmbrs.fd"
File: omscmbrs.fd 2005/04/13 v8.1 (WaS)
) [1


{C:/Users/Carlos A. Rosales/AppData/Local/MiKTeX/2.9/pdftex/config/pdftex.map}]
)
\tf@toc=\write5
\openout5 = `main.toc'.

LaTeX Info: Redefining \. on input line 21.
LaTeX Info: Redefining \% on input line 21.


Package Fancyhdr Warning: \headheight is too small (12.0pt): 
Make it at least 12.49998pt.
We now make it that large for the rest of the document.
This may cause the page layout to be inconsistent, however.

LaTeX Font Info:    Font shape `T1/cmbr/m/it' in size <5> not available
(Font)              Font shape `T1/cmbr/m/sl' tried instead on input line 21.
LaTeX Font Info:    Try loading font information for U+mvs on input line 21.

("C:\Users\Carlos A. Rosales\AppData\Local\Programs\MiKTeX 2.9\tex/latex/marvos
ym\umvs.fd") [2]
\openout2 = `capitulo1.aux'.

 (capitulo1.tex
Cap\'{\i }tulo 1.
pdfTeX warning (ext4): destination with the same identifier (name{page.1}) has 
been already used, duplicate ignored
<to be read again> 
                   \relax 
l.15 	
       [1



]
LaTeX Info: Redefining \. on input line 27.
LaTeX Info: Redefining \% on input line 27.
pdfTeX warning (ext4): destination with the same identifier (name{page.2}) has 
been already used, duplicate ignored
<to be read again> 
                   \relax 
l.27 	
       [2]
LaTeX Font Info:    Try loading font information for OMS+cmbr on input line 48.


("C:\Users\Carlos A. Rosales\AppData\Local\Programs\MiKTeX 2.9\tex/latex/cmbrig
ht\omscmbr.fd"
File: omscmbr.fd 2005/04/13 v8.1 (WaS)
)
LaTeX Font Info:    Font shape `OMS/cmbr/m/n' in size <10> not available
(Font)              Font shape `OMS/cmbrs/m/n' tried instead on input line 48.
)
LaTeX Info: Redefining \. on input line 22.
LaTeX Info: Redefining \% on input line 22.
 [3]
\openout2 = `capitulo2.aux'.

 (capitulo2.tex
Cap\'{\i }tulo 2.

Underfull \hbox (badness 10000) in paragraph at lines 6--12

 []


Underfull \hbox (badness 10000) in paragraph at lines 13--14

 []

[4



]
Underfull \hbox (badness 10000) in paragraph at lines 42--53

 []

LaTeX Info: Redefining \. on input line 75.
LaTeX Info: Redefining \% on input line 75.
[5]
LaTeX Info: Redefining \. on input line 87.
LaTeX Info: Redefining \% on input line 87.
 [6]
Underfull \hbox (badness 10000) in paragraph at lines 98--99

 []


Underfull \hbox (badness 10000) in paragraph at lines 105--107

 []


Underfull \hbox (badness 10000) in paragraph at lines 108--110

 []


Underfull \hbox (badness 10000) in paragraph at lines 111--112

 []


Underfull \hbox (badness 10000) in paragraph at lines 113--114

 []


Underfull \hbox (badness 10000) in paragraph at lines 115--119

 []

LaTeX Info: Redefining \. on input line 126.
LaTeX Info: Redefining \% on input line 126.
[7]
Underfull \hbox (badness 7344) in paragraph at lines 134--134
[]|\T1/cmbr/m/n/10 Java, Ruby, Pyt-hon,
 []


Underfull \hbox (badness 7344) in paragraph at lines 157--157
[]|\T1/cmbr/m/n/10 Java, Ruby, Pyt-hon,
 []

LaTeX Info: Redefining \. on input line 171.
LaTeX Info: Redefining \% on input line 171.
[8])
LaTeX Info: Redefining \. on input line 27.
LaTeX Info: Redefining \% on input line 27.
 [9]
\openout2 = `capitulo3.aux'.

 (capitulo3.tex
Cap\'{\i }tulo 3.
[10



]
<Imagenes/Aplicaciones/ToS1.png, id=280, 1028.34187pt x 578.16pt>
File: Imagenes/Aplicaciones/ToS1.png Graphic file (type png)
<use Imagenes/Aplicaciones/ToS1.png>
Package pdftex.def Info: Imagenes/Aplicaciones/ToS1.png  used on input line 37.

(pdftex.def)             Requested size: 341.4408pt x 170.71451pt.
<Imagenes/Aplicaciones/ToS2.png, id=282, 1028.34187pt x 578.16pt>
File: Imagenes/Aplicaciones/ToS2.png Graphic file (type png)
<use Imagenes/Aplicaciones/ToS2.png>
Package pdftex.def Info: Imagenes/Aplicaciones/ToS2.png  used on input line 42.

(pdftex.def)             Requested size: 341.4408pt x 170.71451pt.
LaTeX Info: Redefining \. on input line 46.
LaTeX Info: Redefining \% on input line 46.
 [11 <./Imagenes/Aplicaciones/ToS1.png> <./Imagenes/Aplicaciones/ToS2.png>]
<Imagenes/Aplicaciones/Tos3.png, id=292, 1028.34187pt x 578.16pt>
File: Imagenes/Aplicaciones/Tos3.png Graphic file (type png)
<use Imagenes/Aplicaciones/Tos3.png>
Package pdftex.def Info: Imagenes/Aplicaciones/Tos3.png  used on input line 48.

(pdftex.def)             Requested size: 341.4408pt x 170.71451pt.
<Imagenes/Aplicaciones/AN1.png, id=293, 1028.34187pt x 578.16pt>
File: Imagenes/Aplicaciones/AN1.png Graphic file (type png)
<use Imagenes/Aplicaciones/AN1.png>
Package pdftex.def Info: Imagenes/Aplicaciones/AN1.png  used on input line 67.
(pdftex.def)             Requested size: 341.4408pt x 170.71451pt.
LaTeX Info: Redefining \. on input line 72.
LaTeX Info: Redefining \% on input line 72.
[12 <./Imagenes/Aplicaciones/Tos3.png> <./Imagenes/Aplicaciones/AN1.png>]
<Imagenes/Aplicaciones/AN2.png, id=302, 1028.34187pt x 578.16pt>
File: Imagenes/Aplicaciones/AN2.png Graphic file (type png)
<use Imagenes/Aplicaciones/AN2.png>
Package pdftex.def Info: Imagenes/Aplicaciones/AN2.png  used on input line 75.
(pdftex.def)             Requested size: 341.4408pt x 170.71451pt.
<Imagenes/Aplicaciones/TsT1.png, id=303, 1028.34187pt x 578.16pt>
File: Imagenes/Aplicaciones/TsT1.png Graphic file (type png)
<use Imagenes/Aplicaciones/TsT1.png>
Package pdftex.def Info: Imagenes/Aplicaciones/TsT1.png  used on input line 94.

(pdftex.def)             Requested size: 341.4408pt x 170.71451pt.
LaTeX Info: Redefining \. on input line 98.
LaTeX Info: Redefining \% on input line 98.

[13 <./Imagenes/Aplicaciones/AN2.png> <./Imagenes/Aplicaciones/TsT1.png>]
<Imagenes/Aplicaciones/TsT2.png, id=312, 1028.34187pt x 578.16pt>
File: Imagenes/Aplicaciones/TsT2.png Graphic file (type png)
<use Imagenes/Aplicaciones/TsT2.png>
Package pdftex.def Info: Imagenes/Aplicaciones/TsT2.png  used on input line 100
.
(pdftex.def)             Requested size: 341.4408pt x 170.71451pt.
<Imagenes/Aplicaciones/TsT3.png, id=313, 1028.34187pt x 578.16pt>
File: Imagenes/Aplicaciones/TsT3.png Graphic file (type png)
<use Imagenes/Aplicaciones/TsT3.png>
Package pdftex.def Info: Imagenes/Aplicaciones/TsT3.png  used on input line 105
.
(pdftex.def)             Requested size: 341.4408pt x 170.71451pt.
LaTeX Info: Redefining \. on input line 109.
LaTeX Info: Redefining \% on input line 109.

[14 <./Imagenes/Aplicaciones/TsT2.png> <./Imagenes/Aplicaciones/TsT3.png>]
<Imagenes/Aplicaciones/TP1.png, id=322, 1028.34187pt x 578.16pt>
File: Imagenes/Aplicaciones/TP1.png Graphic file (type png)
<use Imagenes/Aplicaciones/TP1.png>
Package pdftex.def Info: Imagenes/Aplicaciones/TP1.png  used on input line 128.

(pdftex.def)             Requested size: 341.4408pt x 170.71451pt.
<Imagenes/Aplicaciones/TP2.png, id=323, 1028.34187pt x 578.16pt>
File: Imagenes/Aplicaciones/TP2.png Graphic file (type png)
<use Imagenes/Aplicaciones/TP2.png>
Package pdftex.def Info: Imagenes/Aplicaciones/TP2.png  used on input line 133.

(pdftex.def)             Requested size: 341.4408pt x 170.71451pt.
LaTeX Info: Redefining \. on input line 137.
LaTeX Info: Redefining \% on input line 137.

[15 <./Imagenes/Aplicaciones/TP1.png> <./Imagenes/Aplicaciones/TP2.png>]
<Imagenes/Aplicaciones/INDC1.png, id=332, 1028.34187pt x 578.16pt>
File: Imagenes/Aplicaciones/INDC1.png Graphic file (type png)
<use Imagenes/Aplicaciones/INDC1.png>
Package pdftex.def Info: Imagenes/Aplicaciones/INDC1.png  used on input line 15
2.
(pdftex.def)             Requested size: 341.4408pt x 170.71451pt.
<Imagenes/Aplicaciones/INDC2.png, id=333, 1028.34187pt x 578.16pt>
File: Imagenes/Aplicaciones/INDC2.png Graphic file (type png)
<use Imagenes/Aplicaciones/INDC2.png>
Package pdftex.def Info: Imagenes/Aplicaciones/INDC2.png  used on input line 15
7.
(pdftex.def)             Requested size: 341.4408pt x 170.71451pt.
)
LaTeX Info: Redefining \. on input line 31.
LaTeX Info: Redefining \% on input line 31.

[16 <./Imagenes/Aplicaciones/INDC1.png> <./Imagenes/Aplicaciones/INDC2.png>]
\openout2 = `capitulo4.aux'.


(capitulo4.tex
Cap\'{\i }tulo 4.
(CU1.tex [17



]

! LaTeX Error: File `uc/default' not found.

See the LaTeX manual or LaTeX Companion for explanation.
Type  H <return>  for immediate help.
 ...                                              
                                                  
l.8 	}
      
I could not locate the file with any of these extensions:
.pdf,.png,.jpg,.mps,.jpeg,.jbig2,.jb2,.PDF,.PNG,.JPG,.JPEG,.JBIG2,.JB2,.eps
Try typing  <return>  to proceed.
If that doesn't work, type  X <return>  to quit.


Underfull \hbox (badness 10000) in paragraph at lines 38--38

 []

LaTeX Info: Redefining \. on input line 39.
LaTeX Info: Redefining \% on input line 39.
[18]
<images/uc/actor.png, id=354, 96.36pt x 74.2775pt>
File: images/uc/actor.png Graphic file (type png)
<use images/uc/actor.png>
Package pdftex.def Info: images/uc/actor.png  used on input line 39.
(pdftex.def)             Requested size: 14.26958pt x 11.0pt.
<images/uc/usecase.png, id=355, 91.34125pt x 61.22874pt>
File: images/uc/usecase.png Graphic file (type png)
<use images/uc/usecase.png>
Package pdftex.def Info: images/uc/usecase.png  used on input line 40.
(pdftex.def)             Requested size: 16.40865pt x 11.0pt.
File: images/uc/usecase.png Graphic file (type png)
<use images/uc/usecase.png>
Package pdftex.def Info: images/uc/usecase.png  used on input line 41.
(pdftex.def)             Requested size: 16.40865pt x 11.0pt.
File: images/uc/actor.png Graphic file (type png)
<use images/uc/actor.png>
Package pdftex.def Info: images/uc/actor.png  used on input line 42.
(pdftex.def)             Requested size: 14.26958pt x 11.0pt.
File: images/uc/actor.png Graphic file (type png)
<use images/uc/actor.png>
Package pdftex.def Info: images/uc/actor.png  used on input line 43.
(pdftex.def)             Requested size: 14.26958pt x 11.0pt.
File: images/uc/usecase.png Graphic file (type png)
<use images/uc/usecase.png>
Package pdftex.def Info: images/uc/usecase.png  used on input line 44.
(pdftex.def)             Requested size: 16.40865pt x 11.0pt.
File: images/uc/usecase.png Graphic file (type png)
<use images/uc/usecase.png>
Package pdftex.def Info: images/uc/usecase.png  used on input line 45.
(pdftex.def)             Requested size: 16.40865pt x 11.0pt.
File: images/uc/usecase.png Graphic file (type png)
<use images/uc/usecase.png>
Package pdftex.def Info: images/uc/usecase.png  used on input line 46.
(pdftex.def)             Requested size: 16.40865pt x 11.0pt.
File: images/uc/usecase.png Graphic file (type png)
<use images/uc/usecase.png>
Package pdftex.def Info: images/uc/usecase.png  used on input line 47.
(pdftex.def)             Requested size: 16.40865pt x 11.0pt.
File: images/uc/usecase.png Graphic file (type png)
<use images/uc/usecase.png>
Package pdftex.def Info: images/uc/usecase.png  used on input line 48.
(pdftex.def)             Requested size: 16.40865pt x 11.0pt.
File: images/uc/usecase.png Graphic file (type png)
<use images/uc/usecase.png>
Package pdftex.def Info: images/uc/usecase.png  used on input line 49.
(pdftex.def)             Requested size: 16.40865pt x 11.0pt.
LaTeX Font Info:    Font shape `T1/cmbr/m/it' in size <10> not available
(Font)              Font shape `T1/cmbr/m/sl' tried instead on input line 50.
File: images/uc/usecase.png Graphic file (type png)
<use images/uc/usecase.png>
Package pdftex.def Info: images/uc/usecase.png  used on input line 53.
(pdftex.def)             Requested size: 16.40865pt x 11.0pt.
File: images/uc/usecase.png Graphic file (type png)
<use images/uc/usecase.png>
Package pdftex.def Info: images/uc/usecase.png  used on input line 54.
(pdftex.def)             Requested size: 16.40865pt x 11.0pt.
File: images/uc/usecase.png Graphic file (type png)
<use images/uc/usecase.png>
Package pdftex.def Info: images/uc/usecase.png  used on input line 58.
(pdftex.def)             Requested size: 16.40865pt x 11.0pt.
File: images/uc/usecase.png Graphic file (type png)
<use images/uc/usecase.png>
Package pdftex.def Info: images/uc/usecase.png  used on input line 59.
(pdftex.def)             Requested size: 16.40865pt x 11.0pt.
) (CU2.tex
LaTeX Info: Redefining \. on input line 4.
LaTeX Info: Redefining \% on input line 4.
 [19 <./images/uc/actor.png> <./images/uc/usecase.png>]

! LaTeX Error: File `uc/default' not found.

See the LaTeX manual or LaTeX Companion for explanation.
Type  H <return>  for immediate help.
 ...                                              
                                                  
l.4 	}
      
I could not locate the file with any of these extensions:
.pdf,.png,.jpg,.mps,.jpeg,.jbig2,.jb2,.PDF,.PNG,.JPG,.JPEG,.JBIG2,.JB2,.eps
Try typing  <return>  to proceed.
If that doesn't work, type  X <return>  to quit.


Underfull \hbox (badness 10000) in paragraph at lines 36--36

 []

File: images/uc/actor.png Graphic file (type png)
<use images/uc/actor.png>
Package pdftex.def Info: images/uc/actor.png  used on input line 37.
(pdftex.def)             Requested size: 14.26958pt x 11.0pt.
File: images/uc/usecase.png Graphic file (type png)
<use images/uc/usecase.png>
Package pdftex.def Info: images/uc/usecase.png  used on input line 38.
(pdftex.def)             Requested size: 16.40865pt x 11.0pt.
File: images/uc/actor.png Graphic file (type png)
<use images/uc/actor.png>
Package pdftex.def Info: images/uc/actor.png  used on input line 39.
(pdftex.def)             Requested size: 14.26958pt x 11.0pt.
File: images/uc/actor.png Graphic file (type png)
<use images/uc/actor.png>
Package pdftex.def Info: images/uc/actor.png  used on input line 40.
(pdftex.def)             Requested size: 14.26958pt x 11.0pt.
LaTeX Info: Redefining \. on input line 41.
LaTeX Info: Redefining \% on input line 41.
[20]
File: images/uc/usecase.png Graphic file (type png)
<use images/uc/usecase.png>
Package pdftex.def Info: images/uc/usecase.png  used on input line 41.
(pdftex.def)             Requested size: 16.40865pt x 11.0pt.
File: images/uc/usecase.png Graphic file (type png)
<use images/uc/usecase.png>
Package pdftex.def Info: images/uc/usecase.png  used on input line 42.
(pdftex.def)             Requested size: 16.40865pt x 11.0pt.
File: images/uc/usecase.png Graphic file (type png)
<use images/uc/usecase.png>
Package pdftex.def Info: images/uc/usecase.png  used on input line 43.
(pdftex.def)             Requested size: 16.40865pt x 11.0pt.
File: images/uc/usecase.png Graphic file (type png)
<use images/uc/usecase.png>
Package pdftex.def Info: images/uc/usecase.png  used on input line 44.
(pdftex.def)             Requested size: 16.40865pt x 11.0pt.
File: images/uc/usecase.png Graphic file (type png)
<use images/uc/usecase.png>
Package pdftex.def Info: images/uc/usecase.png  used on input line 48.
(pdftex.def)             Requested size: 16.40865pt x 11.0pt.
File: images/uc/usecase.png Graphic file (type png)
<use images/uc/usecase.png>
Package pdftex.def Info: images/uc/usecase.png  used on input line 49.
(pdftex.def)             Requested size: 16.40865pt x 11.0pt.
File: images/uc/usecase.png Graphic file (type png)
<use images/uc/usecase.png>
Package pdftex.def Info: images/uc/usecase.png  used on input line 53.
(pdftex.def)             Requested size: 16.40865pt x 11.0pt.
File: images/uc/usecase.png Graphic file (type png)
<use images/uc/usecase.png>
Package pdftex.def Info: images/uc/usecase.png  used on input line 54.
(pdftex.def)             Requested size: 16.40865pt x 11.0pt.
File: images/uc/usecase.png Graphic file (type png)
<use images/uc/usecase.png>
Package pdftex.def Info: images/uc/usecase.png  used on input line 58.
(pdftex.def)             Requested size: 16.40865pt x 11.0pt.
File: images/uc/usecase.png Graphic file (type png)
<use images/uc/usecase.png>
Package pdftex.def Info: images/uc/usecase.png  used on input line 59.
(pdftex.def)             Requested size: 16.40865pt x 11.0pt.
) (CU3.tex
LaTeX Info: Redefining \. on input line 5.
LaTeX Info: Redefining \% on input line 5.
 [21]

! LaTeX Error: File `uc/default' not found.

See the LaTeX manual or LaTeX Companion for explanation.
Type  H <return>  for immediate help.
 ...                                              
                                                  
l.5 	}
      
I could not locate the file with any of these extensions:
.pdf,.png,.jpg,.mps,.jpeg,.jbig2,.jb2,.PDF,.PNG,.JPG,.JPEG,.JBIG2,.JB2,.eps
Try typing  <return>  to proceed.
If that doesn't work, type  X <return>  to quit.

LaTeX Info: Redefining \. on input line 40.
LaTeX Info: Redefining \% on input line 40.
[22]
Underfull \hbox (badness 10000) in paragraph at lines 40--40

 []

File: images/uc/actor.png Graphic file (type png)
<use images/uc/actor.png>
Package pdftex.def Info: images/uc/actor.png  used on input line 41.
(pdftex.def)             Requested size: 14.26958pt x 11.0pt.
File: images/uc/usecase.png Graphic file (type png)
<use images/uc/usecase.png>
Package pdftex.def Info: images/uc/usecase.png  used on input line 42.
(pdftex.def)             Requested size: 16.40865pt x 11.0pt.
File: images/uc/usecase.png Graphic file (type png)
<use images/uc/usecase.png>
Package pdftex.def Info: images/uc/usecase.png  used on input line 43.
(pdftex.def)             Requested size: 16.40865pt x 11.0pt.
File: images/uc/actor.png Graphic file (type png)
<use images/uc/actor.png>
Package pdftex.def Info: images/uc/actor.png  used on input line 44.
(pdftex.def)             Requested size: 14.26958pt x 11.0pt.
File: images/uc/usecase.png Graphic file (type png)
<use images/uc/usecase.png>
Package pdftex.def Info: images/uc/usecase.png  used on input line 45.
(pdftex.def)             Requested size: 16.40865pt x 11.0pt.
File: images/uc/actor.png Graphic file (type png)
<use images/uc/actor.png>
Package pdftex.def Info: images/uc/actor.png  used on input line 46.
(pdftex.def)             Requested size: 14.26958pt x 11.0pt.
File: images/uc/usecase.png Graphic file (type png)
<use images/uc/usecase.png>
Package pdftex.def Info: images/uc/usecase.png  used on input line 47.
(pdftex.def)             Requested size: 16.40865pt x 11.0pt.
File: images/uc/actor.png Graphic file (type png)
<use images/uc/actor.png>
Package pdftex.def Info: images/uc/actor.png  used on input line 48.
(pdftex.def)             Requested size: 14.26958pt x 11.0pt.
File: images/uc/usecase.png Graphic file (type png)
<use images/uc/usecase.png>
Package pdftex.def Info: images/uc/usecase.png  used on input line 49.
(pdftex.def)             Requested size: 16.40865pt x 11.0pt.
File: images/uc/usecase.png Graphic file (type png)
<use images/uc/usecase.png>
Package pdftex.def Info: images/uc/usecase.png  used on input line 50.
(pdftex.def)             Requested size: 16.40865pt x 11.0pt.
File: images/uc/usecase.png Graphic file (type png)
<use images/uc/usecase.png>
Package pdftex.def Info: images/uc/usecase.png  used on input line 54.
(pdftex.def)             Requested size: 16.40865pt x 11.0pt.
File: images/uc/usecase.png Graphic file (type png)
<use images/uc/usecase.png>
Package pdftex.def Info: images/uc/usecase.png  used on input line 55.
(pdftex.def)             Requested size: 16.40865pt x 11.0pt.
File: images/uc/usecase.png Graphic file (type png)
<use images/uc/usecase.png>
Package pdftex.def Info: images/uc/usecase.png  used on input line 60.
(pdftex.def)             Requested size: 16.40865pt x 11.0pt.
File: images/uc/usecase.png Graphic file (type png)
<use images/uc/usecase.png>
Package pdftex.def Info: images/uc/usecase.png  used on input line 61.
(pdftex.def)             Requested size: 16.40865pt x 11.0pt.
) (CU4.tex
LaTeX Info: Redefining \. on input line 4.
LaTeX Info: Redefining \% on input line 4.
 [23]

! LaTeX Error: File `uc/default' not found.

See the LaTeX manual or LaTeX Companion for explanation.
Type  H <return>  for immediate help.
 ...                                              
                                                  
l.4 	}
      
I could not locate the file with any of these extensions:
.pdf,.png,.jpg,.mps,.jpeg,.jbig2,.jb2,.PDF,.PNG,.JPG,.JPEG,.JBIG2,.JB2,.eps
Try typing  <return>  to proceed.
If that doesn't work, type  X <return>  to quit.


Underfull \hbox (badness 10000) in paragraph at lines 33--33

 []

File: images/uc/actor.png Graphic file (type png)
<use images/uc/actor.png>
Package pdftex.def Info: images/uc/actor.png  used on input line 34.
(pdftex.def)             Requested size: 14.26958pt x 11.0pt.
File: images/uc/usecase.png Graphic file (type png)
<use images/uc/usecase.png>
Package pdftex.def Info: images/uc/usecase.png  used on input line 35.
(pdftex.def)             Requested size: 16.40865pt x 11.0pt.
File: images/uc/usecase.png Graphic file (type png)
<use images/uc/usecase.png>
Package pdftex.def Info: images/uc/usecase.png  used on input line 36.
(pdftex.def)             Requested size: 16.40865pt x 11.0pt.
File: images/uc/usecase.png Graphic file (type png)
<use images/uc/usecase.png>
Package pdftex.def Info: images/uc/usecase.png  used on input line 37.
(pdftex.def)             Requested size: 16.40865pt x 11.0pt.
LaTeX Info: Redefining \. on input line 41.
LaTeX Info: Redefining \% on input line 41.
[24]
File: images/uc/usecase.png Graphic file (type png)
<use images/uc/usecase.png>
Package pdftex.def Info: images/uc/usecase.png  used on input line 41.
(pdftex.def)             Requested size: 16.40865pt x 11.0pt.
File: images/uc/usecase.png Graphic file (type png)
<use images/uc/usecase.png>
Package pdftex.def Info: images/uc/usecase.png  used on input line 42.
(pdftex.def)             Requested size: 16.40865pt x 11.0pt.
File: images/uc/usecase.png Graphic file (type png)
<use images/uc/usecase.png>
Package pdftex.def Info: images/uc/usecase.png  used on input line 43.
(pdftex.def)             Requested size: 16.40865pt x 11.0pt.
File: images/uc/usecase.png Graphic file (type png)
<use images/uc/usecase.png>
Package pdftex.def Info: images/uc/usecase.png  used on input line 47.
(pdftex.def)             Requested size: 16.40865pt x 11.0pt.
File: images/uc/usecase.png Graphic file (type png)
<use images/uc/usecase.png>
Package pdftex.def Info: images/uc/usecase.png  used on input line 48.
(pdftex.def)             Requested size: 16.40865pt x 11.0pt.
File: images/uc/usecase.png Graphic file (type png)
<use images/uc/usecase.png>
Package pdftex.def Info: images/uc/usecase.png  used on input line 49.
(pdftex.def)             Requested size: 16.40865pt x 11.0pt.
)
Underfull \hbox (badness 2073) in paragraph at lines 37--37
[]|\T1/cmbr/m/n/10 En una pan-ta-lla (vis-ta) se
 []

LaTeX Info: Redefining \. on input line 47.
LaTeX Info: Redefining \% on input line 47.
[25]
LaTeX Info: Redefining \. on input line 47.
LaTeX Info: Redefining \% on input line 47.
 [26]
Underfull \hbox (badness 2426) in paragraph at lines 60--60
[]|\T1/cmbr/m/n/10 Para te-ner se-gui-mien-to del
 []

<Imagenes/BasedeDatos.png, id=464, 1532.72626pt x 1297.84875pt>
File: Imagenes/BasedeDatos.png Graphic file (type png)
<use Imagenes/BasedeDatos.png>
Package pdftex.def Info: Imagenes/BasedeDatos.png  used on input line 116.
(pdftex.def)             Requested size: 625.96616pt x 426.78635pt.
LaTeX Info: Redefining \. on input line 121.
LaTeX Info: Redefining \% on input line 121.
[27]

LaTeX Warning: Text page 28 contains only floats.

LaTeX Info: Redefining \. on input line 121.
LaTeX Info: Redefining \% on input line 121.
[28 <./Imagenes/BasedeDatos.png (PNG copy)>]
<Imagenes/Disenos/Iniciogeneral.png, id=477, 527.72156pt x 347.04657pt>
File: Imagenes/Disenos/Iniciogeneral.png Graphic file (type png)
<use Imagenes/Disenos/Iniciogeneral.png>
Package pdftex.def Info: Imagenes/Disenos/Iniciogeneral.png  used on input line
 144.
(pdftex.def)             Requested size: 284.52252pt x 170.72153pt.
<Imagenes/Disenos/Iniciogeneral1.png, id=478, 529.22719pt x 389.95688pt>
File: Imagenes/Disenos/Iniciogeneral1.png Graphic file (type png)
<use Imagenes/Disenos/Iniciogeneral1.png>
Package pdftex.def Info: Imagenes/Disenos/Iniciogeneral1.png  used on input lin
e 151.
(pdftex.def)             Requested size: 284.52675pt x 170.71281pt.

Underfull \hbox (badness 10000) in paragraph at lines 139--155

 []

<Imagenes/Disenos/Login.png, id=479, 529.22719pt x 347.79938pt>
File: Imagenes/Disenos/Login.png Graphic file (type png)
<use Imagenes/Disenos/Login.png>
Package pdftex.def Info: Imagenes/Disenos/Login.png  used on input line 159.
(pdftex.def)             Requested size: 284.52675pt x 170.71506pt.
LaTeX Info: Redefining \. on input line 162.
LaTeX Info: Redefining \% on input line 162.
[29 <./Imagenes/Disenos/Iniciogeneral.png>]
<Imagenes/Disenos/Registro.png, id=486, 527.72156pt x 347.04657pt>
File: Imagenes/Disenos/Registro.png Graphic file (type png)
<use Imagenes/Disenos/Registro.png>
Package pdftex.def Info: Imagenes/Disenos/Registro.png  used on input line 166.

(pdftex.def)             Requested size: 284.52252pt x 170.72153pt.
LaTeX Info: Redefining \. on input line 170.
LaTeX Info: Redefining \% on input line 170.
 [30 <./Imagenes/Disenos/Iniciogeneral1.png> <./Imagenes/Disenos/Login.png> <./
Imagenes/Disenos/Registro.png>]
<Imagenes/Disenos/Recuperacontrasena.png, id=496, 528.47438pt x 316.93407pt>
File: Imagenes/Disenos/Recuperacontrasena.png Graphic file (type png)
<use Imagenes/Disenos/Recuperacontrasena.png>
Package pdftex.def Info: Imagenes/Disenos/Recuperacontrasena.png  used on input
 line 174.
(pdftex.def)             Requested size: 284.5252pt x 170.7211pt.
<Imagenes/Disenos/Restablecercontra.png, id=497, 527.72156pt x 316.93407pt>
File: Imagenes/Disenos/Restablecercontra.png Graphic file (type png)
<use Imagenes/Disenos/Restablecercontra.png>
Package pdftex.def Info: Imagenes/Disenos/Restablecercontra.png  used on input 
line 181.
(pdftex.def)             Requested size: 284.52252pt x 170.7211pt.
<Imagenes/Disenos/LoginJFD.png, id=498, 528.47438pt x 346.29375pt>
File: Imagenes/Disenos/LoginJFD.png Graphic file (type png)
<use Imagenes/Disenos/LoginJFD.png>
Package pdftex.def Info: Imagenes/Disenos/LoginJFD.png  used on input line 188.

(pdftex.def)             Requested size: 284.5252pt x 170.72108pt.
LaTeX Info: Redefining \. on input line 191.
LaTeX Info: Redefining \% on input line 191.

[31 <./Imagenes/Disenos/Recuperacontrasena.png> <./Imagenes/Disenos/Restablecer
contra.png>]
<Imagenes/Disenos/InicioJFD.png, id=507, 553.31718pt x 344.78813pt>
File: Imagenes/Disenos/InicioJFD.png Graphic file (type png)
<use Imagenes/Disenos/InicioJFD.png>
Package pdftex.def Info: Imagenes/Disenos/InicioJFD.png  used on input line 195
.
(pdftex.def)             Requested size: 284.52672pt x 170.71536pt.
LaTeX Info: Redefining \. on input line 200.
LaTeX Info: Redefining \% on input line 200.
 [32 <./Imagenes/Disenos/LoginJFD.png> <./Imagenes/Disenos/InicioJFD.png>]
<Imagenes/Disenos/InicioJFDopciones.png, id=516, 553.31718pt x 346.29375pt>
File: Imagenes/Disenos/InicioJFDopciones.png Graphic file (type png)
<use Imagenes/Disenos/InicioJFDopciones.png>
Package pdftex.def Info: Imagenes/Disenos/InicioJFDopciones.png  used on input 
line 203.
(pdftex.def)             Requested size: 284.52672pt x 170.72108pt.
<Imagenes/Disenos/Inicio1JFD.png, id=517, 552.56438pt x 389.20406pt>
File: Imagenes/Disenos/Inicio1JFD.png Graphic file (type png)
<use Imagenes/Disenos/Inicio1JFD.png>
Package pdftex.def Info: Imagenes/Disenos/Inicio1JFD.png  used on input line 20
8.
(pdftex.def)             Requested size: 284.52745pt x 170.72176pt.
<Imagenes/Disenos/Registrauneventodeportivo.png, id=518, 527.72156pt x 472.0134
4pt>
File: Imagenes/Disenos/Registrauneventodeportivo.png Graphic file (type png)
<use Imagenes/Disenos/Registrauneventodeportivo.png>
Package pdftex.def Info: Imagenes/Disenos/Registrauneventodeportivo.png  used o
n input line 216.
(pdftex.def)             Requested size: 284.52252pt x 170.71696pt.
LaTeX Info: Redefining \. on input line 219.
LaTeX Info: Redefining \% on input line 219.
 [33 <./Imagenes/Disenos/InicioJFDopciones.png> <./Imagenes/Disenos/Inicio1JFD.
png>]
<Imagenes/Disenos/Registrocoordinador.png, id=527, 527.72156pt x 396.7322pt>
File: Imagenes/Disenos/Registrocoordinador.png Graphic file (type png)
<use Imagenes/Disenos/Registrocoordinador.png>
Package pdftex.def Info: Imagenes/Disenos/Registrocoordinador.png  used on inpu
t line 223.
(pdftex.def)             Requested size: 284.52252pt x 170.71864pt.

Overfull \hbox (4.88937pt too wide) in paragraph at lines 220--226
[]\T1/cmbr/m/n/10 Interfaz Re-gis-tra un coor-di-na-dor: Se so-li-ci-ta-r·n da-
tos co-mo Nom-bre, Ape-lli-do Pa-terno, Ape-lli-do Ma-terno,correo
 []

<Imagenes/Disenos/LogincoordinadorUA.png, id=528, 526.96875pt x 346.29375pt>
File: Imagenes/Disenos/LogincoordinadorUA.png Graphic file (type png)
<use Imagenes/Disenos/LogincoordinadorUA.png>
Package pdftex.def Info: Imagenes/Disenos/LogincoordinadorUA.png  used on input
 line 230.
(pdftex.def)             Requested size: 284.5428pt x 170.72108pt.
LaTeX Info: Redefining \. on input line 233.
LaTeX Info: Redefining \% on input line 233.
[34 <./Imagenes/Disenos/Registrauneventodeportivo.png> <./Imagenes/Disenos/Regi
strocoordinador.png>]
<Imagenes/Disenos/IniciocoordinadorUA.png, id=537, 552.56438pt x 345.54094pt>
File: Imagenes/Disenos/IniciocoordinadorUA.png Graphic file (type png)
<use Imagenes/Disenos/IniciocoordinadorUA.png>
Package pdftex.def Info: Imagenes/Disenos/IniciocoordinadorUA.png  used on inpu
t line 238.
(pdftex.def)             Requested size: 284.52745pt x 170.71902pt.
LaTeX Info: Redefining \. on input line 243.
LaTeX Info: Redefining \% on input line 243.
 [35 <./Imagenes/Disenos/LogincoordinadorUA.png> <./Imagenes/Disenos/Iniciocoor
dinadorUA.png>]
<Imagenes/Disenos/IniciocoordinadorUA1.png, id=547, 554.82281pt x 389.20406pt>
File: Imagenes/Disenos/IniciocoordinadorUA1.png Graphic file (type png)
<use Imagenes/Disenos/IniciocoordinadorUA1.png>
Package pdftex.def Info: Imagenes/Disenos/IniciocoordinadorUA1.png  used on inp
ut line 246.
(pdftex.def)             Requested size: 284.53055pt x 170.72176pt.
<Imagenes/Disenos/Registraunentrenador.png, id=548, 527.72156pt x 395.97937pt>
File: Imagenes/Disenos/Registraunentrenador.png Graphic file (type png)
<use Imagenes/Disenos/Registraunentrenador.png>
Package pdftex.def Info: Imagenes/Disenos/Registraunentrenador.png  used on inp
ut line 253.
(pdftex.def)             Requested size: 284.52252pt x 170.71492pt.
<Imagenes/Disenos/Validaperfil.png, id=549, 552.56438pt x 357.58594pt>
File: Imagenes/Disenos/Validaperfil.png Graphic file (type png)
<use Imagenes/Disenos/Validaperfil.png>
Package pdftex.def Info: Imagenes/Disenos/Validaperfil.png  used on input line 
260.
(pdftex.def)             Requested size: 284.52745pt x 170.71718pt.
LaTeX Info: Redefining \. on input line 264.
LaTeX Info: Redefining \% on input line 264.
 [36 <./Imagenes/Disenos/IniciocoordinadorUA1.png> <./Imagenes/Disenos/Registra
unentrenador.png>]
<Imagenes/Disenos/Ingresaresultados.png, id=558, 553.31718pt x 342.5297pt>
File: Imagenes/Disenos/Ingresaresultados.png Graphic file (type png)
<use Imagenes/Disenos/Ingresaresultados.png>
Package pdftex.def Info: Imagenes/Disenos/Ingresaresultados.png  used on input 
line 268.
(pdftex.def)             Requested size: 284.52672pt x 170.72086pt.
LaTeX Info: Redefining \. on input line 272.
LaTeX Info: Redefining \% on input line 272.
 [37 <./Imagenes/Disenos/Validaperfil.png> <./Imagenes/Disenos/Ingresaresultado
s.png>]
<Imagenes/Disenos/Inicioparticipante.png, id=567, 551.81157pt x 347.79938pt>
File: Imagenes/Disenos/Inicioparticipante.png Graphic file (type png)
<use Imagenes/Disenos/Inicioparticipante.png>
Package pdftex.def Info: Imagenes/Disenos/Inicioparticipante.png  used on input
 line 276.
(pdftex.def)             Requested size: 284.53555pt x 170.71506pt.
<Imagenes/Disenos/Inicioparticipante1.png, id=568, 554.07pt x 388.45125pt>
File: Imagenes/Disenos/Inicioparticipante1.png Graphic file (type png)
<use Imagenes/Disenos/Inicioparticipante1.png>
Package pdftex.def Info: Imagenes/Disenos/Inicioparticipante1.png  used on inpu
t line 281.
(pdftex.def)             Requested size: 284.52493pt x 170.71754pt.
<Imagenes/Disenos/Inscripcioninter.png, id=569, 526.21594pt x 496.10344pt>
File: Imagenes/Disenos/Inscripcioninter.png Graphic file (type png)
<use Imagenes/Disenos/Inscripcioninter.png>
Package pdftex.def Info: Imagenes/Disenos/Inscripcioninter.png  used on input l
ine 288.
(pdftex.def)             Requested size: 284.53778pt x 170.71681pt.
LaTeX Info: Redefining \. on input line 292.
LaTeX Info: Redefining \% on input line 292.
 [38 <./Imagenes/Disenos/Inicioparticipante.png> <./Imagenes/Disenos/Iniciopart
icipante1.png>]
<Imagenes/Disenos/Consultainscripciones.png, id=578, 551.81157pt x 388.45125pt>

File: Imagenes/Disenos/Consultainscripciones.png Graphic file (type png)
<use Imagenes/Disenos/Consultainscripciones.png>
Package pdftex.def Info: Imagenes/Disenos/Consultainscripciones.png  used on in
put line 296.
(pdftex.def)             Requested size: 284.53555pt x 170.71754pt.
)
LaTeX Info: Redefining \. on input line 36.
LaTeX Info: Redefining \% on input line 36.

[39 <./Imagenes/Disenos/Inscripcioninter.png> <./Imagenes/Disenos/Consultainscr
ipciones.png>]
\openout2 = `glosario.aux'.

 (glosario.tex
Cap\'{\i }tulo 5.
[40



])
LaTeX Info: Redefining \. on input line 42.
LaTeX Info: Redefining \% on input line 42.
 [41]
\openout2 = `referencias.aux'.

 (referencias.tex

LaTeX Font Warning: Font shape `T1/cmbr/m/sc' undefined
(Font)              using `T1/cmbr/m/n' instead on input line 6.

LaTeX Font Info:    Try loading font information for T1+cmtl on input line 10.

("C:\Users\Carlos A. Rosales\AppData\Local\Programs\MiKTeX 2.9\tex/latex/cmbrig
ht\t1cmtl.fd"
File: t1cmtl.fd 2005/04/13 v8.1 (WaS)
)
Underfull \hbox (badness 2042) in paragraph at lines 58--60
[]\T1/cmbr/m/sc/10 Disponible en: [][]$\T1/cmtl/m/n/10 http : / / odin . fi-[]b
 . unam . mx / salaD / practicasBD / manualBD . pdf ? fbclid = IwAR1iluFg _
 []

! Missing $ inserted.
<inserted text> 
                $
l.64 ... CONOCIMIENTO DE SCRUM (GU√çA SBOK^{TM}).}
                                                   [En linea]. pp. 51-63
I've inserted a begin-math/end-math symbol since I think
you left one out. Proceed, with fingers crossed.

! Extra }, or forgotten $.
<recently read> \egroup 
                        
l.64 ... CONOCIMIENTO DE SCRUM (GU√çA SBOK^{TM}).}
                                                   [En linea]. pp. 51-63
I've deleted a group-closing symbol because it seems to be
spurious, as in `$x}$'. But perhaps the } is legitimate and
you forgot something else, as in `\hbox{$x}'. In such cases
the way to recover is to insert both the forgotten and the
deleted material, e.g., by typing `I$}'.

! Missing $ inserted.
<inserted text> 
                $
l.65 		
       
I've inserted a begin-math/end-math symbol since I think
you left one out. Proceed, with fingers crossed.

! Missing } inserted.
<inserted text> 
                }
l.65 		
       
I've inserted something that you may have forgotten.
(See the <inserted text> above.)
With luck, this will get me unwedged. But if you
really didn't forget anything, try typing `2' now; then
my insertion and my current dilemma will both disappear.


Underfull \hbox (badness 10000) in paragraph at lines 63--65
[]\T1/cmbr/m/sl/10 T. Sat-pathy \T1/cmbr/m/sc/10 Una guÌa pa-ra el CUER-PO DE C
O-NO-CI-MIEN-TO DE SCRUM (GUÕA
 []


Underfull \hbox (badness 10000) in paragraph at lines 67--68
[][][]$\T1/cmtl/m/n/10 https : / / www . tenstep . ec / portal / images / pdfs 
/ Suscripciones _ TenStep / Silver / SCRUMstudy _ GUIA _
 []

[42



]
Underfull \hbox (badness 10000) in paragraph at lines 97--99
[]\T1/cmbr/m/sc/10 Disponible en: [][]$\T1/cmtl/m/n/10 https : / / www . mundod
eportivo . com / otros-[]deportes / 20161007 / 41845726098 /
 []


Underfull \hbox (badness 10000) in paragraph at lines 169--171
[]\T1/cmbr/m/sc/10 Disponible en: [][]$\T1/cmtl/m/n/10 http : / / www . actives
ports . com / sports-[]solutions / by-[]feature /
 []


Underfull \hbox (badness 10000) in paragraph at lines 185--187
[]\T1/cmbr/m/sc/10 Disponible en: [][]$\T1/cmtl/m/n/10 http : / / openaccess . 
uoc . edu / webapps / o2 / bitstream / 10609 / 17885 / 1 /
 []

)
LaTeX Info: Redefining \. on input line 48.
LaTeX Info: Redefining \% on input line 48.
 [43]
Package atveryend Info: Empty hook `BeforeClearDocument' on input line 51.
Package atveryend Info: Empty hook `AfterLastShipout' on input line 51.
 (main.aux
LaTeX Info: Redefining \. on input line 23.
LaTeX Info: Redefining \% on input line 23.
 (capitulo1.aux) (capitulo2.aux) (capitulo3.aux) (capitulo4.aux) (glosario.aux)
 (referencias.aux))
Package atveryend Info: Executing hook `AtVeryEndDocument' on input line 51.
Package atveryend Info: Executing hook `AtEndAfterFileList' on input line 51.


Package rerunfilecheck Warning: File `main.out' has changed.
(rerunfilecheck)                Rerun to get outlines right
(rerunfilecheck)                or use package `bookmark'.

Package rerunfilecheck Info: Checksums for `main.out':
(rerunfilecheck)             Before: 8ACAB05B6BD12CABC08A987CAFA10F2D;2854
(rerunfilecheck)             After:  81B8FB55BA97C53DB5D18AE55DA61989;3811.

LaTeX Font Warning: Some font shapes were not available, defaults substituted.


LaTeX Warning: There were multiply-defined labels.

Package atveryend Info: Empty hook `AtVeryVeryEnd' on input line 51.
 ) 
Here is how much of TeX's memory you used:
 10530 strings out of 492946
 157686 string characters out of 3120937
 266688 words of memory out of 3000000
 13885 multiletter control sequences out of 15000+200000
 19395 words of font info for 47 fonts, out of 3000000 for 9000
 1141 hyphenation exceptions out of 8191
 43i,12n,45p,1590b,669s stack positions out of 5000i,500n,10000p,200000b,50000s
 <C:\Users\Carlos A. Rosales\AppData\Local\MiKTeX\2.9\fonts/pk/ljfour/public/
cmbright/dpi600\cmbrmi10.pk> <C:\Users\Carlos A. Rosales\AppData\Local\MiKTeX\2
.9\fonts/pk/ljfour/public/cmbright/dpi525\cmbrmi8.pk> <C:\Users\Carlos A. Rosal
es\AppData\Local\MiKTeX\2.9\fonts/pk/ljfour/public/cmbright/dpi600\ebtl10.pk> <
C:\Users\Carlos A. Rosales\AppData\Local\MiKTeX\2.9\fonts/pk/ljfour/public/cmbr
ight/dpi600\ebmr9.pk> <C:\Users\Carlos A. Rosales\AppData\Local\MiKTeX\2.9\font
s/pk/ljfour/public/cmbright/dpi540\ebbx10.pk> <C:\Users\Carlos A. Rosales\AppDa
ta\Local\MiKTeX\2.9\fonts/pk/ljfour/public/cmbright/dpi600\cmbr10.pk> <C:\Users
\Carlos A. Rosales\AppData\Local\MiKTeX\2.9\fonts/pk/ljfour/public/cmbright/dpi
720\ebmr10.pk> <C:\Users\Carlos A. Rosales\AppData\Local\MiKTeX\2.9\fonts/pk/lj
four/public/cmbright/dpi720\ebbx10.pk> <C:\Users\Carlos A. Rosales\AppData\Loca
l\MiKTeX\2.9\fonts/pk/ljfour/public/cmbright/dpi600\cmbrsy10.pk> <C:\Users\Carl
os A. Rosales\AppData\Local\MiKTeX\2.9\fonts/pk/ljfour/public/cmbright/dpi864\e
bbx10.pk> <C:\Users\Carlos A. Rosales\AppData\Local\MiKTeX\2.9\fonts/pk/ljfour/
public/cmbright/dpi864\ebmr17.pk> <C:\Users\Carlos A. Rosales\AppData\Local\MiK
TeX\2.9\fonts/pk/ljfour/public/cmbright/dpi600\ebmr8.pk> <C:\Users\Carlos A. Ro
sales\AppData\Local\MiKTeX\2.9\fonts/pk/ljfour/public/cmbright/dpi375\ebmo8.pk>
 <C:\Users\Carlos A. Rosales\AppData\Local\MiKTeX\2.9\fonts/pk/ljfour/public/cm
bright/dpi600\ebmo10.pk> <C:\Users\Carlos A. Rosales\AppData\Local\MiKTeX\2.9\f
onts/pk/ljfour/public/cmbright/dpi600\ebmr10.pk> <C:\Users\Carlos A. Rosales\Ap
pData\Local\MiKTeX\2.9\fonts/pk/ljfour/public/cmbright/dpi600\ebbx10.pk> <C:\Us
ers\Carlos A. Rosales\AppData\Local\MiKTeX\2.9\fonts/pk/ljfour/public/cmbright/
dpi864\ebmr10.pk><C:/Users/Carlos A. Rosales/AppData/Local/Programs/MiKTeX 2.9/
fonts/type1/public/marvosym/marvosym.pfb>
Output written on main.pdf (45 pages, 5190522 bytes).
PDF statistics:
 1318 PDF objects out of 1440 (max. 8388607)
 234 named destinations out of 1000 (max. 500000)
 514 words of extra memory for PDF output out of 10000 (max. 10000000)

