\BOOKMARK [0][-]{chapter.1}{Introducci\363n}{}% 1
\BOOKMARK [0][-]{chapter.2}{Planteamiento del Problema}{}% 2
\BOOKMARK [1][-]{section.2.1}{Antecedentes}{chapter.2}% 3
\BOOKMARK [1][-]{section.2.2}{Problem\341tica}{chapter.2}% 4
\BOOKMARK [1][-]{section.2.3}{Justificaci\363n}{chapter.2}% 5
\BOOKMARK [1][-]{section.2.4}{Aplicaciones}{chapter.2}% 6
\BOOKMARK [2][-]{subsection.2.4.1}{Aplicaciones Tournament Software}{section.2.4}% 7
\BOOKMARK [2][-]{subsection.2.4.2}{Aplicaciones Active Network}{section.2.4}% 8
\BOOKMARK [2][-]{subsection.2.4.3}{Aplicaciones TeamSnap Tournament}{section.2.4}% 9
\BOOKMARK [2][-]{subsection.2.4.4}{Aplicaciones TorneoPal}{section.2.4}% 10
\BOOKMARK [2][-]{subsection.2.4.5}{Aplicaciones Instituto Nacional del deporte CHILE}{section.2.4}% 11
\BOOKMARK [2][-]{subsection.2.4.6}{Prototipo para el registro a interpolit\351cnicos RIDESCOM}{section.2.4}% 12
\BOOKMARK [0][-]{chapter.3}{Propuesta de soluci\363n}{}% 13
\BOOKMARK [1][-]{section.3.1}{Objetivos}{chapter.3}% 14
\BOOKMARK [2][-]{subsection.3.1.1}{Objetivo General}{section.3.1}% 15
\BOOKMARK [2][-]{subsection.3.1.2}{Objetivos Especificos}{section.3.1}% 16
\BOOKMARK [1][-]{section.3.2}{Alcance de la soluci\363n}{chapter.3}% 17
\BOOKMARK [1][-]{section.3.3}{An\341lisis de Entornos de Desarrollo Interactivo}{chapter.3}% 18
\BOOKMARK [2][-]{subsection.3.3.1}{IDE}{section.3.3}% 19
\BOOKMARK [2][-]{subsection.3.3.2}{Framework}{section.3.3}% 20
\BOOKMARK [2][-]{subsection.3.3.3}{Rastreo Web y API's}{section.3.3}% 21
\BOOKMARK [1][-]{section.3.4}{iReport}{chapter.3}% 22
\BOOKMARK [1][-]{section.3.5}{Sistema Gestor de Base de Datos del lado del servidor}{chapter.3}% 23
\BOOKMARK [1][-]{section.3.6}{Servidor}{chapter.3}% 24
\BOOKMARK [1][-]{section.3.7}{Reglas del Sistema}{chapter.3}% 25
\BOOKMARK [1][-]{section.3.8}{Reglas de Negocio}{chapter.3}% 26
\BOOKMARK [1][-]{section.3.9}{Reglas de Negocio Jefe de Fomento Deportivo}{chapter.3}% 27
\BOOKMARK [1][-]{section.3.10}{Reglas de Negocio Coordinador de Unidad Acad\351mica}{chapter.3}% 28
\BOOKMARK [1][-]{section.3.11}{Reglas de Negocio Alumno}{chapter.3}% 29
\BOOKMARK [1][-]{section.3.12}{Requisitos del usuario}{chapter.3}% 30
\BOOKMARK [1][-]{section.3.13}{Requisitos funcionales de la aplicaci\363n web}{chapter.3}% 31
\BOOKMARK [1][-]{section.3.14}{Requisitos no funcionales de la aplicaci\363n web}{chapter.3}% 32
\BOOKMARK [1][-]{section.3.15}{Diagrama de Procesos}{chapter.3}% 33
\BOOKMARK [1][-]{section.3.16}{Casos de Uso}{chapter.3}% 34
\BOOKMARK [1][-]{section.3.17}{CU1 Iniciar Sesi\363n Jefe de Fomento Deportivo}{chapter.3}% 35
\BOOKMARK [2][-]{subsection.3.17.1}{Descripci\363n completa}{section.3.17}% 36
\BOOKMARK [2][-]{subsection.3.17.2}{Atributos importantes}{section.3.17}% 37
\BOOKMARK [2][-]{subsection.3.17.3}{Trayectorias del Caso de Uso}{section.3.17}% 38
\BOOKMARK [1][-]{section.3.18}{CU2 Iniciar Sesi\363n Coordinador de Unidad Acad\351mica}{chapter.3}% 39
\BOOKMARK [2][-]{subsection.3.18.1}{Descripci\363n completa}{section.3.18}% 40
\BOOKMARK [2][-]{subsection.3.18.2}{Atributos importantes}{section.3.18}% 41
\BOOKMARK [2][-]{subsection.3.18.3}{Trayectorias del Caso de Uso}{section.3.18}% 42
\BOOKMARK [1][-]{section.3.19}{CU3 Iniciar Sesi\363n Alumno}{chapter.3}% 43
\BOOKMARK [2][-]{subsection.3.19.1}{Descripci\363n completa}{section.3.19}% 44
\BOOKMARK [2][-]{subsection.3.19.2}{Atributos importantes}{section.3.19}% 45
\BOOKMARK [2][-]{subsection.3.19.3}{Trayectorias del Caso de Uso}{section.3.19}% 46
\BOOKMARK [1][-]{section.3.20}{CU4 Recupera contrase\361a para el alumno}{chapter.3}% 47
\BOOKMARK [2][-]{subsection.3.20.1}{Descripci\363n completa}{section.3.20}% 48
\BOOKMARK [2][-]{subsection.3.20.2}{Atributos importantes}{section.3.20}% 49
\BOOKMARK [2][-]{subsection.3.20.3}{Trayectorias del Caso de Uso}{section.3.20}% 50
\BOOKMARK [1][-]{section.3.21}{CU5 Recupera contrase\361a para el Coordinador}{chapter.3}% 51
\BOOKMARK [2][-]{subsection.3.21.1}{Descripci\363n completa}{section.3.21}% 52
\BOOKMARK [2][-]{subsection.3.21.2}{Atributos importantes}{section.3.21}% 53
\BOOKMARK [2][-]{subsection.3.21.3}{Trayectorias del Caso de Uso}{section.3.21}% 54
\BOOKMARK [1][-]{section.3.22}{CU6 Consulta Calendario de Eventos}{chapter.3}% 55
\BOOKMARK [2][-]{subsection.3.22.1}{Descripci\363n completa}{section.3.22}% 56
\BOOKMARK [2][-]{subsection.3.22.2}{Atributos importantes}{section.3.22}% 57
\BOOKMARK [2][-]{subsection.3.22.3}{Trayectorias del Caso de Uso}{section.3.22}% 58
\BOOKMARK [1][-]{section.3.23}{CU7 Alta de Eventos Deportivos}{chapter.3}% 59
\BOOKMARK [2][-]{subsection.3.23.1}{Descripci\363n completa}{section.3.23}% 60
\BOOKMARK [2][-]{subsection.3.23.2}{Atributos importantes}{section.3.23}% 61
\BOOKMARK [2][-]{subsection.3.23.3}{Trayectorias del Caso de Uso}{section.3.23}% 62
\BOOKMARK [1][-]{section.3.24}{CU8 Editar datos del Eventos Deportivos}{chapter.3}% 63
\BOOKMARK [2][-]{subsection.3.24.1}{Descripci\363n completa}{section.3.24}% 64
\BOOKMARK [2][-]{subsection.3.24.2}{Atributos importantes}{section.3.24}% 65
\BOOKMARK [2][-]{subsection.3.24.3}{Trayectorias del Caso de Uso}{section.3.24}% 66
\BOOKMARK [1][-]{section.3.25}{CU9 Eliminar datos del Eventos Deportivos}{chapter.3}% 67
\BOOKMARK [2][-]{subsection.3.25.1}{Descripci\363n completa}{section.3.25}% 68
\BOOKMARK [2][-]{subsection.3.25.2}{Atributos importantes}{section.3.25}% 69
\BOOKMARK [2][-]{subsection.3.25.3}{Trayectorias del Caso de Uso}{section.3.25}% 70
\BOOKMARK [1][-]{section.3.26}{CU10 Consulta Coordinadores Registrados}{chapter.3}% 71
\BOOKMARK [2][-]{subsection.3.26.1}{Descripci\363n completa}{section.3.26}% 72
\BOOKMARK [2][-]{subsection.3.26.2}{Atributos importantes}{section.3.26}% 73
\BOOKMARK [2][-]{subsection.3.26.3}{Trayectorias del Caso de Uso}{section.3.26}% 74
\BOOKMARK [1][-]{section.3.27}{CU11 Agregar Coordinadores Registrados}{chapter.3}% 75
\BOOKMARK [2][-]{subsection.3.27.1}{Descripci\363n completa}{section.3.27}% 76
\BOOKMARK [2][-]{subsection.3.27.2}{Atributos importantes}{section.3.27}% 77
\BOOKMARK [2][-]{subsection.3.27.3}{Trayectorias del Caso de Uso}{section.3.27}% 78
\BOOKMARK [1][-]{section.3.28}{CU12 Editar datos del Coordinador de Unidad Acad\351mica}{chapter.3}% 79
\BOOKMARK [2][-]{subsection.3.28.1}{Descripci\363n completa}{section.3.28}% 80
\BOOKMARK [2][-]{subsection.3.28.2}{Atributos importantes}{section.3.28}% 81
\BOOKMARK [2][-]{subsection.3.28.3}{Trayectorias del Caso de Uso}{section.3.28}% 82
\BOOKMARK [1][-]{section.3.29}{CU13 Eliminar datos del Coordinador de Unidad Acad\351mica}{chapter.3}% 83
\BOOKMARK [2][-]{subsection.3.29.1}{Descripci\363n completa}{section.3.29}% 84
\BOOKMARK [2][-]{subsection.3.29.2}{Atributos importantes}{section.3.29}% 85
\BOOKMARK [2][-]{subsection.3.29.3}{Trayectorias del Caso de Uso}{section.3.29}% 86
\BOOKMARK [1][-]{section.3.30}{CU14 Consulta Resultados}{chapter.3}% 87
\BOOKMARK [2][-]{subsection.3.30.1}{Descripci\363n completa}{section.3.30}% 88
\BOOKMARK [2][-]{subsection.3.30.2}{Atributos importantes}{section.3.30}% 89
\BOOKMARK [2][-]{subsection.3.30.3}{Trayectorias del Caso de Uso}{section.3.30}% 90
\BOOKMARK [1][-]{section.3.31}{CU15 Consulta Pruebas}{chapter.3}% 91
\BOOKMARK [2][-]{subsection.3.31.1}{Descripci\363n completa}{section.3.31}% 92
\BOOKMARK [2][-]{subsection.3.31.2}{Atributos importantes}{section.3.31}% 93
\BOOKMARK [2][-]{subsection.3.31.3}{Trayectorias del Caso de Uso}{section.3.31}% 94
\BOOKMARK [1][-]{section.3.32}{CU16 Agregar Pruebas}{chapter.3}% 95
\BOOKMARK [2][-]{subsection.3.32.1}{Descripci\363n completa}{section.3.32}% 96
\BOOKMARK [2][-]{subsection.3.32.2}{Atributos importantes}{section.3.32}% 97
\BOOKMARK [2][-]{subsection.3.32.3}{Trayectorias del Caso de Uso}{section.3.32}% 98
\BOOKMARK [1][-]{section.3.33}{CU17 Editar datos de las Pruebas}{chapter.3}% 99
\BOOKMARK [2][-]{subsection.3.33.1}{Descripci\363n completa}{section.3.33}% 100
\BOOKMARK [2][-]{subsection.3.33.2}{Atributos importantes}{section.3.33}% 101
\BOOKMARK [2][-]{subsection.3.33.3}{Trayectorias del Caso de Uso}{section.3.33}% 102
\BOOKMARK [1][-]{section.3.34}{CU18 Eliminar datos de Pruebas}{chapter.3}% 103
\BOOKMARK [2][-]{subsection.3.34.1}{Descripci\363n completa}{section.3.34}% 104
\BOOKMARK [2][-]{subsection.3.34.2}{Atributos importantes}{section.3.34}% 105
\BOOKMARK [2][-]{subsection.3.34.3}{Trayectorias del Caso de Uso}{section.3.34}% 106
\BOOKMARK [1][-]{section.3.35}{CU19 Consulta Actividades Deportivas}{chapter.3}% 107
\BOOKMARK [2][-]{subsection.3.35.1}{Descripci\363n completa}{section.3.35}% 108
\BOOKMARK [2][-]{subsection.3.35.2}{Atributos importantes}{section.3.35}% 109
\BOOKMARK [2][-]{subsection.3.35.3}{Trayectorias del Caso de Uso}{section.3.35}% 110
\BOOKMARK [1][-]{section.3.36}{CU20 Agregar Deporte}{chapter.3}% 111
\BOOKMARK [2][-]{subsection.3.36.1}{Descripci\363n completa}{section.3.36}% 112
\BOOKMARK [2][-]{subsection.3.36.2}{Atributos importantes}{section.3.36}% 113
\BOOKMARK [2][-]{subsection.3.36.3}{Trayectorias del Caso de Uso}{section.3.36}% 114
\BOOKMARK [1][-]{section.3.37}{CU21 Eliminar Deportes}{chapter.3}% 115
\BOOKMARK [2][-]{subsection.3.37.1}{Descripci\363n completa}{section.3.37}% 116
\BOOKMARK [2][-]{subsection.3.37.2}{Atributos importantes}{section.3.37}% 117
\BOOKMARK [2][-]{subsection.3.37.3}{Trayectorias del Caso de Uso}{section.3.37}% 118
\BOOKMARK [1][-]{section.3.38}{CU22 Agregar Resultados}{chapter.3}% 119
\BOOKMARK [2][-]{subsection.3.38.1}{Descripci\363n completa}{section.3.38}% 120
\BOOKMARK [2][-]{subsection.3.38.2}{Atributos importantes}{section.3.38}% 121
\BOOKMARK [2][-]{subsection.3.38.3}{Trayectorias del Caso de Uso}{section.3.38}% 122
\BOOKMARK [1][-]{section.3.39}{CU23 Editar Resultados}{chapter.3}% 123
\BOOKMARK [2][-]{subsection.3.39.1}{Descripci\363n completa}{section.3.39}% 124
\BOOKMARK [2][-]{subsection.3.39.2}{Atributos importantes}{section.3.39}% 125
\BOOKMARK [2][-]{subsection.3.39.3}{Trayectorias del Caso de Uso}{section.3.39}% 126
\BOOKMARK [1][-]{section.3.40}{CU24 Eliminar Resultados}{chapter.3}% 127
\BOOKMARK [2][-]{subsection.3.40.1}{Descripci\363n completa}{section.3.40}% 128
\BOOKMARK [2][-]{subsection.3.40.2}{Atributos importantes}{section.3.40}% 129
\BOOKMARK [2][-]{subsection.3.40.3}{Trayectorias del Caso de Uso}{section.3.40}% 130
\BOOKMARK [1][-]{section.3.41}{CU25 Consulta Entrenadores}{chapter.3}% 131
\BOOKMARK [2][-]{subsection.3.41.1}{Descripci\363n completa}{section.3.41}% 132
\BOOKMARK [2][-]{subsection.3.41.2}{Atributos importantes}{section.3.41}% 133
\BOOKMARK [2][-]{subsection.3.41.3}{Trayectorias del Caso de Uso}{section.3.41}% 134
\BOOKMARK [1][-]{section.3.42}{CU26 Agregar Entrenador}{chapter.3}% 135
\BOOKMARK [2][-]{subsection.3.42.1}{Descripci\363n completa}{section.3.42}% 136
\BOOKMARK [2][-]{subsection.3.42.2}{Atributos importantes}{section.3.42}% 137
\BOOKMARK [2][-]{subsection.3.42.3}{Trayectorias del Caso de Uso}{section.3.42}% 138
\BOOKMARK [1][-]{section.3.43}{CU27 Editar Entrenador}{chapter.3}% 139
\BOOKMARK [2][-]{subsection.3.43.1}{Descripci\363n completa}{section.3.43}% 140
\BOOKMARK [2][-]{subsection.3.43.2}{Atributos importantes}{section.3.43}% 141
\BOOKMARK [2][-]{subsection.3.43.3}{Trayectorias del Caso de Uso}{section.3.43}% 142
\BOOKMARK [1][-]{section.3.44}{CU28 Eliminar Entrenador}{chapter.3}% 143
\BOOKMARK [2][-]{subsection.3.44.1}{Descripci\363n completa}{section.3.44}% 144
\BOOKMARK [2][-]{subsection.3.44.2}{Atributos importantes}{section.3.44}% 145
\BOOKMARK [2][-]{subsection.3.44.3}{Trayectorias del Caso de Uso}{section.3.44}% 146
\BOOKMARK [1][-]{section.3.45}{CU29 Difusi\363n de Eventos}{chapter.3}% 147
\BOOKMARK [2][-]{subsection.3.45.1}{Descripci\363n completa}{section.3.45}% 148
\BOOKMARK [2][-]{subsection.3.45.2}{Atributos importantes}{section.3.45}% 149
\BOOKMARK [2][-]{subsection.3.45.3}{Trayectorias del Caso de Uso}{section.3.45}% 150
\BOOKMARK [1][-]{section.3.46}{CU30 Consulta Inscritos}{chapter.3}% 151
\BOOKMARK [2][-]{subsection.3.46.1}{Descripci\363n completa}{section.3.46}% 152
\BOOKMARK [2][-]{subsection.3.46.2}{Atributos importantes}{section.3.46}% 153
\BOOKMARK [2][-]{subsection.3.46.3}{Trayectorias del Caso de Uso}{section.3.46}% 154
\BOOKMARK [1][-]{section.3.47}{CU31 Consulta para expedici\363n de constancias}{chapter.3}% 155
\BOOKMARK [2][-]{subsection.3.47.1}{Descripci\363n completa}{section.3.47}% 156
\BOOKMARK [2][-]{subsection.3.47.2}{Atributos importantes}{section.3.47}% 157
\BOOKMARK [2][-]{subsection.3.47.3}{Trayectorias del Caso de Uso}{section.3.47}% 158
\BOOKMARK [1][-]{section.3.48}{CU32 Consulta eventos inscritos}{chapter.3}% 159
\BOOKMARK [2][-]{subsection.3.48.1}{Descripci\363n completa}{section.3.48}% 160
\BOOKMARK [2][-]{subsection.3.48.2}{Atributos importantes}{section.3.48}% 161
\BOOKMARK [2][-]{subsection.3.48.3}{Trayectorias del Caso de Uso}{section.3.48}% 162
\BOOKMARK [1][-]{section.3.49}{CU33 Consulta Historial}{chapter.3}% 163
\BOOKMARK [2][-]{subsection.3.49.1}{Descripci\363n completa}{section.3.49}% 164
\BOOKMARK [2][-]{subsection.3.49.2}{Atributos importantes}{section.3.49}% 165
\BOOKMARK [2][-]{subsection.3.49.3}{Trayectorias del Caso de Uso}{section.3.49}% 166
\BOOKMARK [1][-]{section.3.50}{CU34 Consulta C\351dula de Inscripci\363n}{chapter.3}% 167
\BOOKMARK [2][-]{subsection.3.50.1}{Descripci\363n completa}{section.3.50}% 168
\BOOKMARK [2][-]{subsection.3.50.2}{Atributos importantes}{section.3.50}% 169
\BOOKMARK [2][-]{subsection.3.50.3}{Trayectorias del Caso de Uso}{section.3.50}% 170
\BOOKMARK [1][-]{section.3.51}{Dise\361o de pantallas}{chapter.3}% 171
\BOOKMARK [0][-]{chapter.4}{Trabajo realizado}{}% 172
\BOOKMARK [1][-]{section.4.1}{Antecedentes}{chapter.4}% 173
\BOOKMARK [1][-]{section.4.2}{Plan de trabajo}{chapter.4}% 174
\BOOKMARK [1][-]{section.4.3}{An\341lisis de factibilidad t\351cnica}{chapter.4}% 175
\BOOKMARK [1][-]{section.4.4}{Sprint 2: Interfaces}{chapter.4}% 176
\BOOKMARK [1][-]{section.4.5}{Sprint 4: M\363dulo de difusi\363n de eventos}{chapter.4}% 177
\BOOKMARK [1][-]{section.4.6}{Sprint 5:M\363dulo de comunicaci\363n con redes sociales}{chapter.4}% 178
\BOOKMARK [1][-]{section.4.7}{Sprint 6:M\363dulo de creaci\363n de c\351dula de inscripci\363n.}{chapter.4}% 179
\BOOKMARK [1][-]{section.4.8}{Sprint 7: M\363dulo de consulta de resultados.}{chapter.4}% 180
\BOOKMARK [1][-]{section.4.9}{Sprint 0: An\341lisis}{chapter.4}% 181
\BOOKMARK [1][-]{section.4.10}{Sprint 1: Mecanismo de validaci\363n de estatus acad\351mico.}{chapter.4}% 182
\BOOKMARK [1][-]{section.4.11}{Sprint 3: M\363dulo de formulario}{chapter.4}% 183
\BOOKMARK [0][-]{chapter.5}{Pruebas}{}% 184
\BOOKMARK [1][-]{section.5.1}{Plan de pruebas}{chapter.5}% 185
\BOOKMARK [0][-]{section*.1}{Conclusiones}{}% 186
\BOOKMARK [0][-]{section*.2}{Trabajo a Futuro}{}% 187
\BOOKMARK [0][-]{section*.2}{Referencias}{}% 188
\BOOKMARK [0][-]{section*.4}{Ap\351ndice}{}% 189
\BOOKMARK [0][-]{chapter.1}{Apartado A: Entrevista}{}% 190
\BOOKMARK [0][-]{chapter.2}{Apartado B: Mensajes}{}% 191
\BOOKMARK [1][-]{section.2.1}{Mensajes de RIDESCOM}{chapter.2}% 192
\BOOKMARK [0][-]{chapter.3}{Apartado C: Dise\361os de Pantallas}{}% 193
\BOOKMARK [0][-]{chapter.4}{Apartado D: Diagrama de Procesos}{}% 194
\BOOKMARK [0][-]{chapter.5}{Apartado E: Diagramas de Casos de Uso}{}% 195
\BOOKMARK [0][-]{chapter.6}{Apartado F: Crawler}{}% 196
\BOOKMARK [0][-]{chapter.7}{Apartado G: API Facebook}{}% 197
\BOOKMARK [0][-]{chapter.8}{Apartado H: Base de Datos}{}% 198
\BOOKMARK [0][-]{chapter.9}{Apartado I: Vistas}{}% 199
